2023-12-28 16:49:07,632 [Worker-3: Loading available Gradle versions] INFO  o.e.b.c.i.u.g.PublishedGradleVersions - Gradle version information cache is out-of-date. Trying to update.
2024-03-07 13:40:06,936 [Worker-1: Loading available Gradle versions] INFO  o.e.b.c.i.u.g.PublishedGradleVersions - Gradle version information cache is up-to-date. Trying to read.
2024-06-13 13:56:02,891 [Worker-1: Loading available Gradle versions] INFO  o.e.b.c.i.u.g.PublishedGradleVersions - Gradle version information cache is up-to-date. Trying to read.
2024-06-13 13:56:30,769 [Worker-9: Importing Maven projects] INFO  o.e.m.c.i.l.LifecycleMappingFactory - Using org.eclipse.m2e.jdt.JarLifecycleMapping lifecycle mapping for MavenProject: com.example:MongoRestApiDocker:0.0.1-SNAPSHOT @ C:\Users\AtluriMukesh\Downloads\MongoRestApi\MongoRestApiDocker\pom.xml.
2024-06-13 13:56:34,510 [Worker-9: Importing Maven projects] INFO  o.e.m.j.i.AbstractJavaProjectConfigurator - Adding source folder /MongoRestApiDocker/src/main/java
2024-06-13 13:56:34,510 [Worker-9: Importing Maven projects] INFO  o.e.m.j.i.AbstractJavaProjectConfigurator - Adding resource folder /MongoRestApiDocker/src/main/resources
2024-06-13 13:56:34,528 [Worker-9: Importing Maven projects] INFO  o.e.m.j.i.AbstractJavaProjectConfigurator - Adding resource folder /MongoRestApiDocker/src/main/resources
2024-06-13 13:56:34,565 [Worker-9: Importing Maven projects] INFO  o.e.m.j.i.AbstractJavaProjectConfigurator - Adding source folder /MongoRestApiDocker/src/test/java
2024-06-13 13:56:34,566 [Worker-9: Importing Maven projects] INFO  o.e.m.j.i.AbstractJavaProjectConfigurator - Adding resource folder /MongoRestApiDocker/src/test/resources
2024-06-13 13:56:34,915 [Worker-9: Importing Maven projects] INFO  o.e.m.c.i.p.ProjectConfigurationManager - Imported and configured 1 project(s) in 8 sec
2024-06-13 13:56:35,869 [Worker-8: Building] INFO  o.a.m.s.f.DefaultMavenResourcesFiltering - Copying 1 resource from src\main\resources to target\classes
2024-06-13 13:56:35,891 [Worker-8: Building] INFO  o.a.m.s.f.DefaultMavenResourcesFiltering - Copying 0 resource from src\main\resources to target\classes
2024-06-13 13:56:35,899 [Worker-8: Building] INFO  o.a.m.s.f.DefaultMavenResourcesFiltering - skip non existing resourceDirectory C:\Users\AtluriMukesh\Downloads\MongoRestApi\MongoRestApiDocker\src\test\resources
2024-06-13 13:56:54,738 [Worker-8: Building] INFO  o.a.m.s.f.DefaultMavenResourcesFiltering - Copying 1 resource from src\main\resources to target\classes
2024-06-13 13:56:54,744 [Worker-8: Building] INFO  o.a.m.s.f.DefaultMavenResourcesFiltering - Copying 0 resource from src\main\resources to target\classes
2024-06-13 13:56:54,748 [Worker-8: Building] INFO  o.a.m.s.f.DefaultMavenResourcesFiltering - skip non existing resourceDirectory C:\Users\AtluriMukesh\Downloads\MongoRestApi\MongoRestApiDocker\src\test\resources
2024-06-13 13:57:14,039 [Worker-3: Building] INFO  o.a.m.s.f.DefaultMavenResourcesFiltering - Copying 1 resource from src\main\resources to target\classes
2024-06-13 13:57:14,052 [Worker-3: Building] INFO  o.a.m.s.f.DefaultMavenResourcesFiltering - Copying 0 resource from src\main\resources to target\classes
2024-06-13 13:57:14,056 [Worker-3: Building] INFO  o.a.m.s.f.DefaultMavenResourcesFiltering - skip non existing resourceDirectory C:\Users\AtluriMukesh\Downloads\MongoRestApi\MongoRestApiDocker\src\test\resources
2024-07-17 12:53:54,543 [Worker-4: Loading available Gradle versions] INFO  o.e.b.c.i.u.g.PublishedGradleVersions - Gradle version information cache is out-of-date. Trying to update.
2024-07-17 12:58:42,052 [Worker-14: Launching Executing clean in D__servlet2_springboot_MVC-Food-App_MVC-Food-App] INFO  o.eclipse.m2e.core.internal.Bundles - getClasspathEntries(Bundle=org.eclipse.m2e.maven.runtime_3.9.500.20231113-2345 [1472])
2024-07-17 12:58:42,058 [Worker-14: Launching Executing clean in D__servlet2_springboot_MVC-Food-App_MVC-Food-App] INFO  o.eclipse.m2e.core.internal.Bundles - 	Entry: C:\Users\AtluriMukesh\.p2\pool\plugins\org.eclipse.m2e.maven.runtime_3.9.500.20231113-2345
2024-07-17 12:58:42,058 [Worker-14: Launching Executing clean in D__servlet2_springboot_MVC-Food-App_MVC-Food-App] INFO  o.eclipse.m2e.core.internal.Bundles - 	Entry: C:\Users\AtluriMukesh\.p2\pool\plugins\org.eclipse.m2e.maven.runtime_3.9.500.20231113-2345\jars\aopalliance-1.0.jar
2024-07-17 12:58:42,058 [Worker-14: Launching Executing clean in D__servlet2_springboot_MVC-Food-App_MVC-Food-App] INFO  o.eclipse.m2e.core.internal.Bundles - 	Entry: C:\Users\AtluriMukesh\.p2\pool\plugins\org.eclipse.m2e.maven.runtime_3.9.500.20231113-2345\jars\guice-5.1.0.jar
2024-07-17 12:58:42,059 [Worker-14: Launching Executing clean in D__servlet2_springboot_MVC-Food-App_MVC-Food-App] INFO  o.eclipse.m2e.core.internal.Bundles - 	Entry: C:\Users\AtluriMukesh\.p2\pool\plugins\org.eclipse.m2e.maven.runtime_3.9.500.20231113-2345\jars\httpclient-4.5.14.jar
2024-07-17 12:58:42,059 [Worker-14: Launching Executing clean in D__servlet2_springboot_MVC-Food-App_MVC-Food-App] INFO  o.eclipse.m2e.core.internal.Bundles - 	Entry: C:\Users\AtluriMukesh\.p2\pool\plugins\org.eclipse.m2e.maven.runtime_3.9.500.20231113-2345\jars\httpcore-4.4.16.jar
2024-07-17 12:58:42,059 [Worker-14: Launching Executing clean in D__servlet2_springboot_MVC-Food-App_MVC-Food-App] INFO  o.eclipse.m2e.core.internal.Bundles - 	Entry: C:\Users\AtluriMukesh\.p2\pool\plugins\org.eclipse.m2e.maven.runtime_3.9.500.20231113-2345\jars\jansi-2.4.0.jar
2024-07-17 12:58:42,059 [Worker-14: Launching Executing clean in D__servlet2_springboot_MVC-Food-App_MVC-Food-App] INFO  o.eclipse.m2e.core.internal.Bundles - 	Entry: C:\Users\AtluriMukesh\.p2\pool\plugins\org.eclipse.m2e.maven.runtime_3.9.500.20231113-2345\jars\jcl-over-slf4j-1.7.36.jar
2024-07-17 12:58:42,059 [Worker-14: Launching Executing clean in D__servlet2_springboot_MVC-Food-App_MVC-Food-App] INFO  o.eclipse.m2e.core.internal.Bundles - 	Entry: C:\Users\AtluriMukesh\.p2\pool\plugins\org.eclipse.m2e.maven.runtime_3.9.500.20231113-2345\jars\maven-artifact-3.9.5.jar
2024-07-17 12:58:42,059 [Worker-14: Launching Executing clean in D__servlet2_springboot_MVC-Food-App_MVC-Food-App] INFO  o.eclipse.m2e.core.internal.Bundles - 	Entry: C:\Users\AtluriMukesh\.p2\pool\plugins\org.eclipse.m2e.maven.runtime_3.9.500.20231113-2345\jars\maven-builder-support-3.9.5.jar
2024-07-17 12:58:42,059 [Worker-14: Launching Executing clean in D__servlet2_springboot_MVC-Food-App_MVC-Food-App] INFO  o.eclipse.m2e.core.internal.Bundles - 	Entry: C:\Users\AtluriMukesh\.p2\pool\plugins\org.eclipse.m2e.maven.runtime_3.9.500.20231113-2345\jars\maven-compat-3.9.5.jar
2024-07-17 12:58:42,060 [Worker-14: Launching Executing clean in D__servlet2_springboot_MVC-Food-App_MVC-Food-App] INFO  o.eclipse.m2e.core.internal.Bundles - 	Entry: C:\Users\AtluriMukesh\.p2\pool\plugins\org.eclipse.m2e.maven.runtime_3.9.500.20231113-2345\jars\maven-core-3.9.5.jar
2024-07-17 12:58:42,060 [Worker-14: Launching Executing clean in D__servlet2_springboot_MVC-Food-App_MVC-Food-App] INFO  o.eclipse.m2e.core.internal.Bundles - 	Entry: C:\Users\AtluriMukesh\.p2\pool\plugins\org.eclipse.m2e.maven.runtime_3.9.500.20231113-2345\jars\maven-embedder-3.9.5.jar
2024-07-17 12:58:42,060 [Worker-14: Launching Executing clean in D__servlet2_springboot_MVC-Food-App_MVC-Food-App] INFO  o.eclipse.m2e.core.internal.Bundles - 	Entry: C:\Users\AtluriMukesh\.p2\pool\plugins\org.eclipse.m2e.maven.runtime_3.9.500.20231113-2345\jars\maven-model-3.9.5.jar
2024-07-17 12:58:42,060 [Worker-14: Launching Executing clean in D__servlet2_springboot_MVC-Food-App_MVC-Food-App] INFO  o.eclipse.m2e.core.internal.Bundles - 	Entry: C:\Users\AtluriMukesh\.p2\pool\plugins\org.eclipse.m2e.maven.runtime_3.9.500.20231113-2345\jars\maven-model-builder-3.9.5.jar
2024-07-17 12:58:42,060 [Worker-14: Launching Executing clean in D__servlet2_springboot_MVC-Food-App_MVC-Food-App] INFO  o.eclipse.m2e.core.internal.Bundles - 	Entry: C:\Users\AtluriMukesh\.p2\pool\plugins\org.eclipse.m2e.maven.runtime_3.9.500.20231113-2345\jars\maven-plugin-api-3.9.5.jar
2024-07-17 12:58:42,060 [Worker-14: Launching Executing clean in D__servlet2_springboot_MVC-Food-App_MVC-Food-App] INFO  o.eclipse.m2e.core.internal.Bundles - 	Entry: C:\Users\AtluriMukesh\.p2\pool\plugins\org.eclipse.m2e.maven.runtime_3.9.500.20231113-2345\jars\maven-repository-metadata-3.9.5.jar
2024-07-17 12:58:42,060 [Worker-14: Launching Executing clean in D__servlet2_springboot_MVC-Food-App_MVC-Food-App] INFO  o.eclipse.m2e.core.internal.Bundles - 	Entry: C:\Users\AtluriMukesh\.p2\pool\plugins\org.eclipse.m2e.maven.runtime_3.9.500.20231113-2345\jars\maven-resolver-api-1.9.16.jar
2024-07-17 12:58:42,061 [Worker-14: Launching Executing clean in D__servlet2_springboot_MVC-Food-App_MVC-Food-App] INFO  o.eclipse.m2e.core.internal.Bundles - 	Entry: C:\Users\AtluriMukesh\.p2\pool\plugins\org.eclipse.m2e.maven.runtime_3.9.500.20231113-2345\jars\maven-resolver-connector-basic-1.9.16.jar
2024-07-17 12:58:42,061 [Worker-14: Launching Executing clean in D__servlet2_springboot_MVC-Food-App_MVC-Food-App] INFO  o.eclipse.m2e.core.internal.Bundles - 	Entry: C:\Users\AtluriMukesh\.p2\pool\plugins\org.eclipse.m2e.maven.runtime_3.9.500.20231113-2345\jars\maven-resolver-impl-1.9.16.jar
2024-07-17 12:58:42,061 [Worker-14: Launching Executing clean in D__servlet2_springboot_MVC-Food-App_MVC-Food-App] INFO  o.eclipse.m2e.core.internal.Bundles - 	Entry: C:\Users\AtluriMukesh\.p2\pool\plugins\org.eclipse.m2e.maven.runtime_3.9.500.20231113-2345\jars\maven-resolver-named-locks-1.9.16.jar
2024-07-17 12:58:42,061 [Worker-14: Launching Executing clean in D__servlet2_springboot_MVC-Food-App_MVC-Food-App] INFO  o.eclipse.m2e.core.internal.Bundles - 	Entry: C:\Users\AtluriMukesh\.p2\pool\plugins\org.eclipse.m2e.maven.runtime_3.9.500.20231113-2345\jars\maven-resolver-provider-3.9.5.jar
2024-07-17 12:58:42,061 [Worker-14: Launching Executing clean in D__servlet2_springboot_MVC-Food-App_MVC-Food-App] INFO  o.eclipse.m2e.core.internal.Bundles - 	Entry: C:\Users\AtluriMukesh\.p2\pool\plugins\org.eclipse.m2e.maven.runtime_3.9.500.20231113-2345\jars\maven-resolver-spi-1.9.16.jar
2024-07-17 12:58:42,061 [Worker-14: Launching Executing clean in D__servlet2_springboot_MVC-Food-App_MVC-Food-App] INFO  o.eclipse.m2e.core.internal.Bundles - 	Entry: C:\Users\AtluriMukesh\.p2\pool\plugins\org.eclipse.m2e.maven.runtime_3.9.500.20231113-2345\jars\maven-resolver-transport-file-1.9.16.jar
2024-07-17 12:58:42,061 [Worker-14: Launching Executing clean in D__servlet2_springboot_MVC-Food-App_MVC-Food-App] INFO  o.eclipse.m2e.core.internal.Bundles - 	Entry: C:\Users\AtluriMukesh\.p2\pool\plugins\org.eclipse.m2e.maven.runtime_3.9.500.20231113-2345\jars\maven-resolver-transport-http-1.9.16.jar
2024-07-17 12:58:42,062 [Worker-14: Launching Executing clean in D__servlet2_springboot_MVC-Food-App_MVC-Food-App] INFO  o.eclipse.m2e.core.internal.Bundles - 	Entry: C:\Users\AtluriMukesh\.p2\pool\plugins\org.eclipse.m2e.maven.runtime_3.9.500.20231113-2345\jars\maven-resolver-transport-wagon-1.9.16.jar
2024-07-17 12:58:42,062 [Worker-14: Launching Executing clean in D__servlet2_springboot_MVC-Food-App_MVC-Food-App] INFO  o.eclipse.m2e.core.internal.Bundles - 	Entry: C:\Users\AtluriMukesh\.p2\pool\plugins\org.eclipse.m2e.maven.runtime_3.9.500.20231113-2345\jars\maven-resolver-util-1.9.16.jar
2024-07-17 12:58:42,062 [Worker-14: Launching Executing clean in D__servlet2_springboot_MVC-Food-App_MVC-Food-App] INFO  o.eclipse.m2e.core.internal.Bundles - 	Entry: C:\Users\AtluriMukesh\.p2\pool\plugins\org.eclipse.m2e.maven.runtime_3.9.500.20231113-2345\jars\maven-settings-3.9.5.jar
2024-07-17 12:58:42,062 [Worker-14: Launching Executing clean in D__servlet2_springboot_MVC-Food-App_MVC-Food-App] INFO  o.eclipse.m2e.core.internal.Bundles - 	Entry: C:\Users\AtluriMukesh\.p2\pool\plugins\org.eclipse.m2e.maven.runtime_3.9.500.20231113-2345\jars\maven-settings-builder-3.9.5.jar
2024-07-17 12:58:42,062 [Worker-14: Launching Executing clean in D__servlet2_springboot_MVC-Food-App_MVC-Food-App] INFO  o.eclipse.m2e.core.internal.Bundles - 	Entry: C:\Users\AtluriMukesh\.p2\pool\plugins\org.eclipse.m2e.maven.runtime_3.9.500.20231113-2345\jars\maven-shared-utils-3.3.4.jar
2024-07-17 12:58:42,062 [Worker-14: Launching Executing clean in D__servlet2_springboot_MVC-Food-App_MVC-Food-App] INFO  o.eclipse.m2e.core.internal.Bundles - 	Entry: C:\Users\AtluriMukesh\.p2\pool\plugins\org.eclipse.m2e.maven.runtime_3.9.500.20231113-2345\jars\org.eclipse.sisu.inject-0.3.5.jar
2024-07-17 12:58:42,062 [Worker-14: Launching Executing clean in D__servlet2_springboot_MVC-Food-App_MVC-Food-App] INFO  o.eclipse.m2e.core.internal.Bundles - 	Entry: C:\Users\AtluriMukesh\.p2\pool\plugins\org.eclipse.m2e.maven.runtime_3.9.500.20231113-2345\jars\org.eclipse.sisu.plexus-0.3.5.jar
2024-07-17 12:58:42,063 [Worker-14: Launching Executing clean in D__servlet2_springboot_MVC-Food-App_MVC-Food-App] INFO  o.eclipse.m2e.core.internal.Bundles - 	Entry: C:\Users\AtluriMukesh\.p2\pool\plugins\org.eclipse.m2e.maven.runtime_3.9.500.20231113-2345\jars\plexus-build-api-0.0.7.jar
2024-07-17 12:58:42,063 [Worker-14: Launching Executing clean in D__servlet2_springboot_MVC-Food-App_MVC-Food-App] INFO  o.eclipse.m2e.core.internal.Bundles - 	Entry: C:\Users\AtluriMukesh\.p2\pool\plugins\org.eclipse.m2e.maven.runtime_3.9.500.20231113-2345\jars\plexus-cipher-2.0.jar
2024-07-17 12:58:42,063 [Worker-14: Launching Executing clean in D__servlet2_springboot_MVC-Food-App_MVC-Food-App] INFO  o.eclipse.m2e.core.internal.Bundles - 	Entry: C:\Users\AtluriMukesh\.p2\pool\plugins\org.eclipse.m2e.maven.runtime_3.9.500.20231113-2345\jars\plexus-classworlds-2.7.0.jar
2024-07-17 12:58:42,063 [Worker-14: Launching Executing clean in D__servlet2_springboot_MVC-Food-App_MVC-Food-App] INFO  o.eclipse.m2e.core.internal.Bundles - 	Entry: C:\Users\AtluriMukesh\.p2\pool\plugins\org.eclipse.m2e.maven.runtime_3.9.500.20231113-2345\jars\plexus-component-annotations-2.1.0.jar
2024-07-17 12:58:42,063 [Worker-14: Launching Executing clean in D__servlet2_springboot_MVC-Food-App_MVC-Food-App] INFO  o.eclipse.m2e.core.internal.Bundles - 	Entry: C:\Users\AtluriMukesh\.p2\pool\plugins\org.eclipse.m2e.maven.runtime_3.9.500.20231113-2345\jars\plexus-interpolation-1.26.jar
2024-07-17 12:58:42,063 [Worker-14: Launching Executing clean in D__servlet2_springboot_MVC-Food-App_MVC-Food-App] INFO  o.eclipse.m2e.core.internal.Bundles - 	Entry: C:\Users\AtluriMukesh\.p2\pool\plugins\org.eclipse.m2e.maven.runtime_3.9.500.20231113-2345\jars\plexus-sec-dispatcher-2.0.jar
2024-07-17 12:58:42,064 [Worker-14: Launching Executing clean in D__servlet2_springboot_MVC-Food-App_MVC-Food-App] INFO  o.eclipse.m2e.core.internal.Bundles - 	Entry: C:\Users\AtluriMukesh\.p2\pool\plugins\org.eclipse.m2e.maven.runtime_3.9.500.20231113-2345\jars\plexus-utils-3.5.1.jar
2024-07-17 12:58:42,064 [Worker-14: Launching Executing clean in D__servlet2_springboot_MVC-Food-App_MVC-Food-App] INFO  o.eclipse.m2e.core.internal.Bundles - 	Entry: C:\Users\AtluriMukesh\.p2\pool\plugins\org.eclipse.m2e.maven.runtime_3.9.500.20231113-2345\jars\wagon-file-3.5.3.jar
2024-07-17 12:58:42,064 [Worker-14: Launching Executing clean in D__servlet2_springboot_MVC-Food-App_MVC-Food-App] INFO  o.eclipse.m2e.core.internal.Bundles - 	Entry: C:\Users\AtluriMukesh\.p2\pool\plugins\org.eclipse.m2e.maven.runtime_3.9.500.20231113-2345\jars\wagon-http-3.5.3.jar
2024-07-17 12:58:42,064 [Worker-14: Launching Executing clean in D__servlet2_springboot_MVC-Food-App_MVC-Food-App] INFO  o.eclipse.m2e.core.internal.Bundles - 	Entry: C:\Users\AtluriMukesh\.p2\pool\plugins\org.eclipse.m2e.maven.runtime_3.9.500.20231113-2345\jars\wagon-http-shared-3.5.3.jar
2024-07-17 12:58:42,064 [Worker-14: Launching Executing clean in D__servlet2_springboot_MVC-Food-App_MVC-Food-App] INFO  o.eclipse.m2e.core.internal.Bundles - 	Entry: C:\Users\AtluriMukesh\.p2\pool\plugins\org.eclipse.m2e.maven.runtime_3.9.500.20231113-2345\jars\wagon-provider-api-3.5.3.jar
2024-07-17 12:58:42,065 [Worker-14: Launching Executing clean in D__servlet2_springboot_MVC-Food-App_MVC-Food-App] INFO  o.eclipse.m2e.core.internal.Bundles - getClasspathEntries(Bundle=com.google.guava_32.1.3.jre [985])
2024-07-17 12:58:42,066 [Worker-14: Launching Executing clean in D__servlet2_springboot_MVC-Food-App_MVC-Food-App] INFO  o.eclipse.m2e.core.internal.Bundles - 	Entry: C:\Users\AtluriMukesh\.p2\pool\plugins\com.google.guava_32.1.3.jre.jar
2024-07-17 12:58:42,066 [Worker-14: Launching Executing clean in D__servlet2_springboot_MVC-Food-App_MVC-Food-App] INFO  o.eclipse.m2e.core.internal.Bundles - getClasspathEntries(Bundle=slf4j.api_2.0.9 [1725])
2024-07-17 12:58:42,066 [Worker-14: Launching Executing clean in D__servlet2_springboot_MVC-Food-App_MVC-Food-App] INFO  o.eclipse.m2e.core.internal.Bundles - 	Entry: C:\Users\AtluriMukesh\.p2\pool\plugins\slf4j.api_2.0.9.jar
2024-07-17 12:58:42,066 [Worker-14: Launching Executing clean in D__servlet2_springboot_MVC-Food-App_MVC-Food-App] INFO  o.eclipse.m2e.core.internal.Bundles - getClasspathEntries(Bundle=javax.inject_1.0.0.v20220405-0441 [37])
2024-07-17 12:58:42,067 [Worker-14: Launching Executing clean in D__servlet2_springboot_MVC-Food-App_MVC-Food-App] INFO  o.eclipse.m2e.core.internal.Bundles - 	Entry: C:\Users\AtluriMukesh\.p2\pool\plugins\javax.inject_1.0.0.v20220405-0441.jar
2024-07-17 12:58:42,067 [Worker-14: Launching Executing clean in D__servlet2_springboot_MVC-Food-App_MVC-Food-App] INFO  o.eclipse.m2e.core.internal.Bundles - getClasspathEntries(Bundle=javax.annotation_1.3.5.v20230504-0748 [35])
2024-07-17 12:58:42,067 [Worker-14: Launching Executing clean in D__servlet2_springboot_MVC-Food-App_MVC-Food-App] INFO  o.eclipse.m2e.core.internal.Bundles - 	Entry: C:\Users\AtluriMukesh\.p2\pool\plugins\javax.annotation_1.3.5.v20230504-0748.jar
2024-07-17 12:58:42,067 [Worker-14: Launching Executing clean in D__servlet2_springboot_MVC-Food-App_MVC-Food-App] INFO  o.eclipse.m2e.core.internal.Bundles - getClasspathEntries(Bundle=org.apache.commons.cli_1.6.0 [1025])
2024-07-17 12:58:42,067 [Worker-14: Launching Executing clean in D__servlet2_springboot_MVC-Food-App_MVC-Food-App] INFO  o.eclipse.m2e.core.internal.Bundles - 	Entry: C:\Users\AtluriMukesh\.p2\pool\plugins\org.apache.commons.cli_1.6.0.jar
2024-07-17 12:58:42,067 [Worker-14: Launching Executing clean in D__servlet2_springboot_MVC-Food-App_MVC-Food-App] INFO  o.eclipse.m2e.core.internal.Bundles - getClasspathEntries(Bundle=org.apache.commons.commons-codec_1.16.0 [1027])
2024-07-17 12:58:42,067 [Worker-14: Launching Executing clean in D__servlet2_springboot_MVC-Food-App_MVC-Food-App] INFO  o.eclipse.m2e.core.internal.Bundles - 	Entry: C:\Users\AtluriMukesh\.p2\pool\plugins\org.apache.commons.commons-codec_1.16.0.jar
2024-07-17 12:58:42,067 [Worker-14: Launching Executing clean in D__servlet2_springboot_MVC-Food-App_MVC-Food-App] INFO  o.eclipse.m2e.core.internal.Bundles - getClasspathEntries(Bundle=org.apache.commons.lang3_3.13.0 [1032])
2024-07-17 12:58:42,068 [Worker-14: Launching Executing clean in D__servlet2_springboot_MVC-Food-App_MVC-Food-App] INFO  o.eclipse.m2e.core.internal.Bundles - 	Entry: C:\Users\AtluriMukesh\.p2\pool\plugins\org.apache.commons.lang3_3.13.0.jar
2024-07-17 12:58:42,068 [Worker-14: Launching Executing clean in D__servlet2_springboot_MVC-Food-App_MVC-Food-App] INFO  o.eclipse.m2e.core.internal.Bundles - getClasspathEntries(Bundle=com.google.guava.failureaccess_1.0.2 [986])
2024-07-17 12:58:42,068 [Worker-14: Launching Executing clean in D__servlet2_springboot_MVC-Food-App_MVC-Food-App] INFO  o.eclipse.m2e.core.internal.Bundles - 	Entry: C:\Users\AtluriMukesh\.p2\pool\plugins\com.google.guava.failureaccess_1.0.2.jar
2024-07-17 12:58:42,071 [Worker-14: Launching Executing clean in D__servlet2_springboot_MVC-Food-App_MVC-Food-App] INFO  o.e.m.i.launch.MavenLaunchDelegate - Run build in "D:\servlet2\springboot\MVC-Food-App\MVC-Food-App":
2024-07-17 12:58:42,072 [Worker-14: Launching Executing clean in D__servlet2_springboot_MVC-Food-App_MVC-Food-App] INFO  o.e.m.i.launch.MavenLaunchDelegate -  mvn  -B -Dstyle.color=always clean
2024-07-17 12:58:51,550 [Worker-10: Launching Executing install in D__servlet2_springboot_MVC-Food-App_MVC-Food-App] INFO  o.eclipse.m2e.core.internal.Bundles - getClasspathEntries(Bundle=org.eclipse.m2e.maven.runtime_3.9.500.20231113-2345 [1472])
2024-07-17 12:58:51,551 [Worker-10: Launching Executing install in D__servlet2_springboot_MVC-Food-App_MVC-Food-App] INFO  o.eclipse.m2e.core.internal.Bundles - 	Entry: C:\Users\AtluriMukesh\.p2\pool\plugins\org.eclipse.m2e.maven.runtime_3.9.500.20231113-2345
2024-07-17 12:58:51,551 [Worker-10: Launching Executing install in D__servlet2_springboot_MVC-Food-App_MVC-Food-App] INFO  o.eclipse.m2e.core.internal.Bundles - 	Entry: C:\Users\AtluriMukesh\.p2\pool\plugins\org.eclipse.m2e.maven.runtime_3.9.500.20231113-2345\jars\aopalliance-1.0.jar
2024-07-17 12:58:51,551 [Worker-10: Launching Executing install in D__servlet2_springboot_MVC-Food-App_MVC-Food-App] INFO  o.eclipse.m2e.core.internal.Bundles - 	Entry: C:\Users\AtluriMukesh\.p2\pool\plugins\org.eclipse.m2e.maven.runtime_3.9.500.20231113-2345\jars\guice-5.1.0.jar
2024-07-17 12:58:51,552 [Worker-10: Launching Executing install in D__servlet2_springboot_MVC-Food-App_MVC-Food-App] INFO  o.eclipse.m2e.core.internal.Bundles - 	Entry: C:\Users\AtluriMukesh\.p2\pool\plugins\org.eclipse.m2e.maven.runtime_3.9.500.20231113-2345\jars\httpclient-4.5.14.jar
2024-07-17 12:58:51,552 [Worker-10: Launching Executing install in D__servlet2_springboot_MVC-Food-App_MVC-Food-App] INFO  o.eclipse.m2e.core.internal.Bundles - 	Entry: C:\Users\AtluriMukesh\.p2\pool\plugins\org.eclipse.m2e.maven.runtime_3.9.500.20231113-2345\jars\httpcore-4.4.16.jar
2024-07-17 12:58:51,552 [Worker-10: Launching Executing install in D__servlet2_springboot_MVC-Food-App_MVC-Food-App] INFO  o.eclipse.m2e.core.internal.Bundles - 	Entry: C:\Users\AtluriMukesh\.p2\pool\plugins\org.eclipse.m2e.maven.runtime_3.9.500.20231113-2345\jars\jansi-2.4.0.jar
2024-07-17 12:58:51,552 [Worker-10: Launching Executing install in D__servlet2_springboot_MVC-Food-App_MVC-Food-App] INFO  o.eclipse.m2e.core.internal.Bundles - 	Entry: C:\Users\AtluriMukesh\.p2\pool\plugins\org.eclipse.m2e.maven.runtime_3.9.500.20231113-2345\jars\jcl-over-slf4j-1.7.36.jar
2024-07-17 12:58:51,552 [Worker-10: Launching Executing install in D__servlet2_springboot_MVC-Food-App_MVC-Food-App] INFO  o.eclipse.m2e.core.internal.Bundles - 	Entry: C:\Users\AtluriMukesh\.p2\pool\plugins\org.eclipse.m2e.maven.runtime_3.9.500.20231113-2345\jars\maven-artifact-3.9.5.jar
2024-07-17 12:58:51,552 [Worker-10: Launching Executing install in D__servlet2_springboot_MVC-Food-App_MVC-Food-App] INFO  o.eclipse.m2e.core.internal.Bundles - 	Entry: C:\Users\AtluriMukesh\.p2\pool\plugins\org.eclipse.m2e.maven.runtime_3.9.500.20231113-2345\jars\maven-builder-support-3.9.5.jar
2024-07-17 12:58:51,553 [Worker-10: Launching Executing install in D__servlet2_springboot_MVC-Food-App_MVC-Food-App] INFO  o.eclipse.m2e.core.internal.Bundles - 	Entry: C:\Users\AtluriMukesh\.p2\pool\plugins\org.eclipse.m2e.maven.runtime_3.9.500.20231113-2345\jars\maven-compat-3.9.5.jar
2024-07-17 12:58:51,553 [Worker-10: Launching Executing install in D__servlet2_springboot_MVC-Food-App_MVC-Food-App] INFO  o.eclipse.m2e.core.internal.Bundles - 	Entry: C:\Users\AtluriMukesh\.p2\pool\plugins\org.eclipse.m2e.maven.runtime_3.9.500.20231113-2345\jars\maven-core-3.9.5.jar
2024-07-17 12:58:51,553 [Worker-10: Launching Executing install in D__servlet2_springboot_MVC-Food-App_MVC-Food-App] INFO  o.eclipse.m2e.core.internal.Bundles - 	Entry: C:\Users\AtluriMukesh\.p2\pool\plugins\org.eclipse.m2e.maven.runtime_3.9.500.20231113-2345\jars\maven-embedder-3.9.5.jar
2024-07-17 12:58:51,553 [Worker-10: Launching Executing install in D__servlet2_springboot_MVC-Food-App_MVC-Food-App] INFO  o.eclipse.m2e.core.internal.Bundles - 	Entry: C:\Users\AtluriMukesh\.p2\pool\plugins\org.eclipse.m2e.maven.runtime_3.9.500.20231113-2345\jars\maven-model-3.9.5.jar
2024-07-17 12:58:51,553 [Worker-10: Launching Executing install in D__servlet2_springboot_MVC-Food-App_MVC-Food-App] INFO  o.eclipse.m2e.core.internal.Bundles - 	Entry: C:\Users\AtluriMukesh\.p2\pool\plugins\org.eclipse.m2e.maven.runtime_3.9.500.20231113-2345\jars\maven-model-builder-3.9.5.jar
2024-07-17 12:58:51,553 [Worker-10: Launching Executing install in D__servlet2_springboot_MVC-Food-App_MVC-Food-App] INFO  o.eclipse.m2e.core.internal.Bundles - 	Entry: C:\Users\AtluriMukesh\.p2\pool\plugins\org.eclipse.m2e.maven.runtime_3.9.500.20231113-2345\jars\maven-plugin-api-3.9.5.jar
2024-07-17 12:58:51,554 [Worker-10: Launching Executing install in D__servlet2_springboot_MVC-Food-App_MVC-Food-App] INFO  o.eclipse.m2e.core.internal.Bundles - 	Entry: C:\Users\AtluriMukesh\.p2\pool\plugins\org.eclipse.m2e.maven.runtime_3.9.500.20231113-2345\jars\maven-repository-metadata-3.9.5.jar
2024-07-17 12:58:51,554 [Worker-10: Launching Executing install in D__servlet2_springboot_MVC-Food-App_MVC-Food-App] INFO  o.eclipse.m2e.core.internal.Bundles - 	Entry: C:\Users\AtluriMukesh\.p2\pool\plugins\org.eclipse.m2e.maven.runtime_3.9.500.20231113-2345\jars\maven-resolver-api-1.9.16.jar
2024-07-17 12:58:51,554 [Worker-10: Launching Executing install in D__servlet2_springboot_MVC-Food-App_MVC-Food-App] INFO  o.eclipse.m2e.core.internal.Bundles - 	Entry: C:\Users\AtluriMukesh\.p2\pool\plugins\org.eclipse.m2e.maven.runtime_3.9.500.20231113-2345\jars\maven-resolver-connector-basic-1.9.16.jar
2024-07-17 12:58:51,554 [Worker-10: Launching Executing install in D__servlet2_springboot_MVC-Food-App_MVC-Food-App] INFO  o.eclipse.m2e.core.internal.Bundles - 	Entry: C:\Users\AtluriMukesh\.p2\pool\plugins\org.eclipse.m2e.maven.runtime_3.9.500.20231113-2345\jars\maven-resolver-impl-1.9.16.jar
2024-07-17 12:58:51,554 [Worker-10: Launching Executing install in D__servlet2_springboot_MVC-Food-App_MVC-Food-App] INFO  o.eclipse.m2e.core.internal.Bundles - 	Entry: C:\Users\AtluriMukesh\.p2\pool\plugins\org.eclipse.m2e.maven.runtime_3.9.500.20231113-2345\jars\maven-resolver-named-locks-1.9.16.jar
2024-07-17 12:58:51,554 [Worker-10: Launching Executing install in D__servlet2_springboot_MVC-Food-App_MVC-Food-App] INFO  o.eclipse.m2e.core.internal.Bundles - 	Entry: C:\Users\AtluriMukesh\.p2\pool\plugins\org.eclipse.m2e.maven.runtime_3.9.500.20231113-2345\jars\maven-resolver-provider-3.9.5.jar
2024-07-17 12:58:51,555 [Worker-10: Launching Executing install in D__servlet2_springboot_MVC-Food-App_MVC-Food-App] INFO  o.eclipse.m2e.core.internal.Bundles - 	Entry: C:\Users\AtluriMukesh\.p2\pool\plugins\org.eclipse.m2e.maven.runtime_3.9.500.20231113-2345\jars\maven-resolver-spi-1.9.16.jar
2024-07-17 12:58:51,555 [Worker-10: Launching Executing install in D__servlet2_springboot_MVC-Food-App_MVC-Food-App] INFO  o.eclipse.m2e.core.internal.Bundles - 	Entry: C:\Users\AtluriMukesh\.p2\pool\plugins\org.eclipse.m2e.maven.runtime_3.9.500.20231113-2345\jars\maven-resolver-transport-file-1.9.16.jar
2024-07-17 12:58:51,555 [Worker-10: Launching Executing install in D__servlet2_springboot_MVC-Food-App_MVC-Food-App] INFO  o.eclipse.m2e.core.internal.Bundles - 	Entry: C:\Users\AtluriMukesh\.p2\pool\plugins\org.eclipse.m2e.maven.runtime_3.9.500.20231113-2345\jars\maven-resolver-transport-http-1.9.16.jar
2024-07-17 12:58:51,555 [Worker-10: Launching Executing install in D__servlet2_springboot_MVC-Food-App_MVC-Food-App] INFO  o.eclipse.m2e.core.internal.Bundles - 	Entry: C:\Users\AtluriMukesh\.p2\pool\plugins\org.eclipse.m2e.maven.runtime_3.9.500.20231113-2345\jars\maven-resolver-transport-wagon-1.9.16.jar
2024-07-17 12:58:51,555 [Worker-10: Launching Executing install in D__servlet2_springboot_MVC-Food-App_MVC-Food-App] INFO  o.eclipse.m2e.core.internal.Bundles - 	Entry: C:\Users\AtluriMukesh\.p2\pool\plugins\org.eclipse.m2e.maven.runtime_3.9.500.20231113-2345\jars\maven-resolver-util-1.9.16.jar
2024-07-17 12:58:51,556 [Worker-10: Launching Executing install in D__servlet2_springboot_MVC-Food-App_MVC-Food-App] INFO  o.eclipse.m2e.core.internal.Bundles - 	Entry: C:\Users\AtluriMukesh\.p2\pool\plugins\org.eclipse.m2e.maven.runtime_3.9.500.20231113-2345\jars\maven-settings-3.9.5.jar
2024-07-17 12:58:51,556 [Worker-10: Launching Executing install in D__servlet2_springboot_MVC-Food-App_MVC-Food-App] INFO  o.eclipse.m2e.core.internal.Bundles - 	Entry: C:\Users\AtluriMukesh\.p2\pool\plugins\org.eclipse.m2e.maven.runtime_3.9.500.20231113-2345\jars\maven-settings-builder-3.9.5.jar
2024-07-17 12:58:51,556 [Worker-10: Launching Executing install in D__servlet2_springboot_MVC-Food-App_MVC-Food-App] INFO  o.eclipse.m2e.core.internal.Bundles - 	Entry: C:\Users\AtluriMukesh\.p2\pool\plugins\org.eclipse.m2e.maven.runtime_3.9.500.20231113-2345\jars\maven-shared-utils-3.3.4.jar
2024-07-17 12:58:51,556 [Worker-10: Launching Executing install in D__servlet2_springboot_MVC-Food-App_MVC-Food-App] INFO  o.eclipse.m2e.core.internal.Bundles - 	Entry: C:\Users\AtluriMukesh\.p2\pool\plugins\org.eclipse.m2e.maven.runtime_3.9.500.20231113-2345\jars\org.eclipse.sisu.inject-0.3.5.jar
2024-07-17 12:58:51,556 [Worker-10: Launching Executing install in D__servlet2_springboot_MVC-Food-App_MVC-Food-App] INFO  o.eclipse.m2e.core.internal.Bundles - 	Entry: C:\Users\AtluriMukesh\.p2\pool\plugins\org.eclipse.m2e.maven.runtime_3.9.500.20231113-2345\jars\org.eclipse.sisu.plexus-0.3.5.jar
2024-07-17 12:58:51,556 [Worker-10: Launching Executing install in D__servlet2_springboot_MVC-Food-App_MVC-Food-App] INFO  o.eclipse.m2e.core.internal.Bundles - 	Entry: C:\Users\AtluriMukesh\.p2\pool\plugins\org.eclipse.m2e.maven.runtime_3.9.500.20231113-2345\jars\plexus-build-api-0.0.7.jar
2024-07-17 12:58:51,556 [Worker-10: Launching Executing install in D__servlet2_springboot_MVC-Food-App_MVC-Food-App] INFO  o.eclipse.m2e.core.internal.Bundles - 	Entry: C:\Users\AtluriMukesh\.p2\pool\plugins\org.eclipse.m2e.maven.runtime_3.9.500.20231113-2345\jars\plexus-cipher-2.0.jar
2024-07-17 12:58:51,557 [Worker-10: Launching Executing install in D__servlet2_springboot_MVC-Food-App_MVC-Food-App] INFO  o.eclipse.m2e.core.internal.Bundles - 	Entry: C:\Users\AtluriMukesh\.p2\pool\plugins\org.eclipse.m2e.maven.runtime_3.9.500.20231113-2345\jars\plexus-classworlds-2.7.0.jar
2024-07-17 12:58:51,557 [Worker-10: Launching Executing install in D__servlet2_springboot_MVC-Food-App_MVC-Food-App] INFO  o.eclipse.m2e.core.internal.Bundles - 	Entry: C:\Users\AtluriMukesh\.p2\pool\plugins\org.eclipse.m2e.maven.runtime_3.9.500.20231113-2345\jars\plexus-component-annotations-2.1.0.jar
2024-07-17 12:58:51,557 [Worker-10: Launching Executing install in D__servlet2_springboot_MVC-Food-App_MVC-Food-App] INFO  o.eclipse.m2e.core.internal.Bundles - 	Entry: C:\Users\AtluriMukesh\.p2\pool\plugins\org.eclipse.m2e.maven.runtime_3.9.500.20231113-2345\jars\plexus-interpolation-1.26.jar
2024-07-17 12:58:51,557 [Worker-10: Launching Executing install in D__servlet2_springboot_MVC-Food-App_MVC-Food-App] INFO  o.eclipse.m2e.core.internal.Bundles - 	Entry: C:\Users\AtluriMukesh\.p2\pool\plugins\org.eclipse.m2e.maven.runtime_3.9.500.20231113-2345\jars\plexus-sec-dispatcher-2.0.jar
2024-07-17 12:58:51,557 [Worker-10: Launching Executing install in D__servlet2_springboot_MVC-Food-App_MVC-Food-App] INFO  o.eclipse.m2e.core.internal.Bundles - 	Entry: C:\Users\AtluriMukesh\.p2\pool\plugins\org.eclipse.m2e.maven.runtime_3.9.500.20231113-2345\jars\plexus-utils-3.5.1.jar
2024-07-17 12:58:51,558 [Worker-10: Launching Executing install in D__servlet2_springboot_MVC-Food-App_MVC-Food-App] INFO  o.eclipse.m2e.core.internal.Bundles - 	Entry: C:\Users\AtluriMukesh\.p2\pool\plugins\org.eclipse.m2e.maven.runtime_3.9.500.20231113-2345\jars\wagon-file-3.5.3.jar
2024-07-17 12:58:51,558 [Worker-10: Launching Executing install in D__servlet2_springboot_MVC-Food-App_MVC-Food-App] INFO  o.eclipse.m2e.core.internal.Bundles - 	Entry: C:\Users\AtluriMukesh\.p2\pool\plugins\org.eclipse.m2e.maven.runtime_3.9.500.20231113-2345\jars\wagon-http-3.5.3.jar
2024-07-17 12:58:51,558 [Worker-10: Launching Executing install in D__servlet2_springboot_MVC-Food-App_MVC-Food-App] INFO  o.eclipse.m2e.core.internal.Bundles - 	Entry: C:\Users\AtluriMukesh\.p2\pool\plugins\org.eclipse.m2e.maven.runtime_3.9.500.20231113-2345\jars\wagon-http-shared-3.5.3.jar
2024-07-17 12:58:51,559 [Worker-10: Launching Executing install in D__servlet2_springboot_MVC-Food-App_MVC-Food-App] INFO  o.eclipse.m2e.core.internal.Bundles - 	Entry: C:\Users\AtluriMukesh\.p2\pool\plugins\org.eclipse.m2e.maven.runtime_3.9.500.20231113-2345\jars\wagon-provider-api-3.5.3.jar
2024-07-17 12:58:51,559 [Worker-10: Launching Executing install in D__servlet2_springboot_MVC-Food-App_MVC-Food-App] INFO  o.eclipse.m2e.core.internal.Bundles - getClasspathEntries(Bundle=com.google.guava_32.1.3.jre [985])
2024-07-17 12:58:51,560 [Worker-10: Launching Executing install in D__servlet2_springboot_MVC-Food-App_MVC-Food-App] INFO  o.eclipse.m2e.core.internal.Bundles - 	Entry: C:\Users\AtluriMukesh\.p2\pool\plugins\com.google.guava_32.1.3.jre.jar
2024-07-17 12:58:51,560 [Worker-10: Launching Executing install in D__servlet2_springboot_MVC-Food-App_MVC-Food-App] INFO  o.eclipse.m2e.core.internal.Bundles - getClasspathEntries(Bundle=slf4j.api_2.0.9 [1725])
2024-07-17 12:58:51,560 [Worker-10: Launching Executing install in D__servlet2_springboot_MVC-Food-App_MVC-Food-App] INFO  o.eclipse.m2e.core.internal.Bundles - 	Entry: C:\Users\AtluriMukesh\.p2\pool\plugins\slf4j.api_2.0.9.jar
2024-07-17 12:58:51,560 [Worker-10: Launching Executing install in D__servlet2_springboot_MVC-Food-App_MVC-Food-App] INFO  o.eclipse.m2e.core.internal.Bundles - getClasspathEntries(Bundle=javax.inject_1.0.0.v20220405-0441 [37])
2024-07-17 12:58:51,561 [Worker-10: Launching Executing install in D__servlet2_springboot_MVC-Food-App_MVC-Food-App] INFO  o.eclipse.m2e.core.internal.Bundles - 	Entry: C:\Users\AtluriMukesh\.p2\pool\plugins\javax.inject_1.0.0.v20220405-0441.jar
2024-07-17 12:58:51,561 [Worker-10: Launching Executing install in D__servlet2_springboot_MVC-Food-App_MVC-Food-App] INFO  o.eclipse.m2e.core.internal.Bundles - getClasspathEntries(Bundle=javax.annotation_1.3.5.v20230504-0748 [35])
2024-07-17 12:58:51,561 [Worker-10: Launching Executing install in D__servlet2_springboot_MVC-Food-App_MVC-Food-App] INFO  o.eclipse.m2e.core.internal.Bundles - 	Entry: C:\Users\AtluriMukesh\.p2\pool\plugins\javax.annotation_1.3.5.v20230504-0748.jar
2024-07-17 12:58:51,561 [Worker-10: Launching Executing install in D__servlet2_springboot_MVC-Food-App_MVC-Food-App] INFO  o.eclipse.m2e.core.internal.Bundles - getClasspathEntries(Bundle=org.apache.commons.cli_1.6.0 [1025])
2024-07-17 12:58:51,561 [Worker-10: Launching Executing install in D__servlet2_springboot_MVC-Food-App_MVC-Food-App] INFO  o.eclipse.m2e.core.internal.Bundles - 	Entry: C:\Users\AtluriMukesh\.p2\pool\plugins\org.apache.commons.cli_1.6.0.jar
2024-07-17 12:58:51,561 [Worker-10: Launching Executing install in D__servlet2_springboot_MVC-Food-App_MVC-Food-App] INFO  o.eclipse.m2e.core.internal.Bundles - getClasspathEntries(Bundle=org.apache.commons.commons-codec_1.16.0 [1027])
2024-07-17 12:58:51,562 [Worker-10: Launching Executing install in D__servlet2_springboot_MVC-Food-App_MVC-Food-App] INFO  o.eclipse.m2e.core.internal.Bundles - 	Entry: C:\Users\AtluriMukesh\.p2\pool\plugins\org.apache.commons.commons-codec_1.16.0.jar
2024-07-17 12:58:51,562 [Worker-10: Launching Executing install in D__servlet2_springboot_MVC-Food-App_MVC-Food-App] INFO  o.eclipse.m2e.core.internal.Bundles - getClasspathEntries(Bundle=org.apache.commons.lang3_3.13.0 [1032])
2024-07-17 12:58:51,562 [Worker-10: Launching Executing install in D__servlet2_springboot_MVC-Food-App_MVC-Food-App] INFO  o.eclipse.m2e.core.internal.Bundles - 	Entry: C:\Users\AtluriMukesh\.p2\pool\plugins\org.apache.commons.lang3_3.13.0.jar
2024-07-17 12:58:51,562 [Worker-10: Launching Executing install in D__servlet2_springboot_MVC-Food-App_MVC-Food-App] INFO  o.eclipse.m2e.core.internal.Bundles - getClasspathEntries(Bundle=com.google.guava.failureaccess_1.0.2 [986])
2024-07-17 12:58:51,563 [Worker-10: Launching Executing install in D__servlet2_springboot_MVC-Food-App_MVC-Food-App] INFO  o.eclipse.m2e.core.internal.Bundles - 	Entry: C:\Users\AtluriMukesh\.p2\pool\plugins\com.google.guava.failureaccess_1.0.2.jar
2024-07-17 12:58:51,564 [Worker-10: Launching Executing install in D__servlet2_springboot_MVC-Food-App_MVC-Food-App] INFO  o.e.m.i.launch.MavenLaunchDelegate - Run build in "D:\servlet2\springboot\MVC-Food-App\MVC-Food-App":
2024-07-17 12:58:51,564 [Worker-10: Launching Executing install in D__servlet2_springboot_MVC-Food-App_MVC-Food-App] INFO  o.e.m.i.launch.MavenLaunchDelegate -  mvn  -B -Dstyle.color=always install
2024-07-17 12:59:16,939 [main] INFO  o.e.m2e.actions.ExecutePomAction - Creating new launch configuration
2024-07-17 12:59:20,657 [Worker-16: Launching MVC-Food-App (1)] INFO  o.eclipse.m2e.core.internal.Bundles - getClasspathEntries(Bundle=org.eclipse.m2e.maven.runtime_3.9.500.20231113-2345 [1472])
2024-07-17 12:59:20,658 [Worker-16: Launching MVC-Food-App (1)] INFO  o.eclipse.m2e.core.internal.Bundles - 	Entry: C:\Users\AtluriMukesh\.p2\pool\plugins\org.eclipse.m2e.maven.runtime_3.9.500.20231113-2345
2024-07-17 12:59:20,658 [Worker-16: Launching MVC-Food-App (1)] INFO  o.eclipse.m2e.core.internal.Bundles - 	Entry: C:\Users\AtluriMukesh\.p2\pool\plugins\org.eclipse.m2e.maven.runtime_3.9.500.20231113-2345\jars\aopalliance-1.0.jar
2024-07-17 12:59:20,659 [Worker-16: Launching MVC-Food-App (1)] INFO  o.eclipse.m2e.core.internal.Bundles - 	Entry: C:\Users\AtluriMukesh\.p2\pool\plugins\org.eclipse.m2e.maven.runtime_3.9.500.20231113-2345\jars\guice-5.1.0.jar
2024-07-17 12:59:20,659 [Worker-16: Launching MVC-Food-App (1)] INFO  o.eclipse.m2e.core.internal.Bundles - 	Entry: C:\Users\AtluriMukesh\.p2\pool\plugins\org.eclipse.m2e.maven.runtime_3.9.500.20231113-2345\jars\httpclient-4.5.14.jar
2024-07-17 12:59:20,659 [Worker-16: Launching MVC-Food-App (1)] INFO  o.eclipse.m2e.core.internal.Bundles - 	Entry: C:\Users\AtluriMukesh\.p2\pool\plugins\org.eclipse.m2e.maven.runtime_3.9.500.20231113-2345\jars\httpcore-4.4.16.jar
2024-07-17 12:59:20,659 [Worker-16: Launching MVC-Food-App (1)] INFO  o.eclipse.m2e.core.internal.Bundles - 	Entry: C:\Users\AtluriMukesh\.p2\pool\plugins\org.eclipse.m2e.maven.runtime_3.9.500.20231113-2345\jars\jansi-2.4.0.jar
2024-07-17 12:59:20,660 [Worker-16: Launching MVC-Food-App (1)] INFO  o.eclipse.m2e.core.internal.Bundles - 	Entry: C:\Users\AtluriMukesh\.p2\pool\plugins\org.eclipse.m2e.maven.runtime_3.9.500.20231113-2345\jars\jcl-over-slf4j-1.7.36.jar
2024-07-17 12:59:20,660 [Worker-16: Launching MVC-Food-App (1)] INFO  o.eclipse.m2e.core.internal.Bundles - 	Entry: C:\Users\AtluriMukesh\.p2\pool\plugins\org.eclipse.m2e.maven.runtime_3.9.500.20231113-2345\jars\maven-artifact-3.9.5.jar
2024-07-17 12:59:20,660 [Worker-16: Launching MVC-Food-App (1)] INFO  o.eclipse.m2e.core.internal.Bundles - 	Entry: C:\Users\AtluriMukesh\.p2\pool\plugins\org.eclipse.m2e.maven.runtime_3.9.500.20231113-2345\jars\maven-builder-support-3.9.5.jar
2024-07-17 12:59:20,660 [Worker-16: Launching MVC-Food-App (1)] INFO  o.eclipse.m2e.core.internal.Bundles - 	Entry: C:\Users\AtluriMukesh\.p2\pool\plugins\org.eclipse.m2e.maven.runtime_3.9.500.20231113-2345\jars\maven-compat-3.9.5.jar
2024-07-17 12:59:20,660 [Worker-16: Launching MVC-Food-App (1)] INFO  o.eclipse.m2e.core.internal.Bundles - 	Entry: C:\Users\AtluriMukesh\.p2\pool\plugins\org.eclipse.m2e.maven.runtime_3.9.500.20231113-2345\jars\maven-core-3.9.5.jar
2024-07-17 12:59:20,660 [Worker-16: Launching MVC-Food-App (1)] INFO  o.eclipse.m2e.core.internal.Bundles - 	Entry: C:\Users\AtluriMukesh\.p2\pool\plugins\org.eclipse.m2e.maven.runtime_3.9.500.20231113-2345\jars\maven-embedder-3.9.5.jar
2024-07-17 12:59:20,661 [Worker-16: Launching MVC-Food-App (1)] INFO  o.eclipse.m2e.core.internal.Bundles - 	Entry: C:\Users\AtluriMukesh\.p2\pool\plugins\org.eclipse.m2e.maven.runtime_3.9.500.20231113-2345\jars\maven-model-3.9.5.jar
2024-07-17 12:59:20,662 [Worker-16: Launching MVC-Food-App (1)] INFO  o.eclipse.m2e.core.internal.Bundles - 	Entry: C:\Users\AtluriMukesh\.p2\pool\plugins\org.eclipse.m2e.maven.runtime_3.9.500.20231113-2345\jars\maven-model-builder-3.9.5.jar
2024-07-17 12:59:20,663 [Worker-16: Launching MVC-Food-App (1)] INFO  o.eclipse.m2e.core.internal.Bundles - 	Entry: C:\Users\AtluriMukesh\.p2\pool\plugins\org.eclipse.m2e.maven.runtime_3.9.500.20231113-2345\jars\maven-plugin-api-3.9.5.jar
2024-07-17 12:59:20,663 [Worker-16: Launching MVC-Food-App (1)] INFO  o.eclipse.m2e.core.internal.Bundles - 	Entry: C:\Users\AtluriMukesh\.p2\pool\plugins\org.eclipse.m2e.maven.runtime_3.9.500.20231113-2345\jars\maven-repository-metadata-3.9.5.jar
2024-07-17 12:59:20,663 [Worker-16: Launching MVC-Food-App (1)] INFO  o.eclipse.m2e.core.internal.Bundles - 	Entry: C:\Users\AtluriMukesh\.p2\pool\plugins\org.eclipse.m2e.maven.runtime_3.9.500.20231113-2345\jars\maven-resolver-api-1.9.16.jar
2024-07-17 12:59:20,664 [Worker-16: Launching MVC-Food-App (1)] INFO  o.eclipse.m2e.core.internal.Bundles - 	Entry: C:\Users\AtluriMukesh\.p2\pool\plugins\org.eclipse.m2e.maven.runtime_3.9.500.20231113-2345\jars\maven-resolver-connector-basic-1.9.16.jar
2024-07-17 12:59:20,664 [Worker-16: Launching MVC-Food-App (1)] INFO  o.eclipse.m2e.core.internal.Bundles - 	Entry: C:\Users\AtluriMukesh\.p2\pool\plugins\org.eclipse.m2e.maven.runtime_3.9.500.20231113-2345\jars\maven-resolver-impl-1.9.16.jar
2024-07-17 12:59:20,664 [Worker-16: Launching MVC-Food-App (1)] INFO  o.eclipse.m2e.core.internal.Bundles - 	Entry: C:\Users\AtluriMukesh\.p2\pool\plugins\org.eclipse.m2e.maven.runtime_3.9.500.20231113-2345\jars\maven-resolver-named-locks-1.9.16.jar
2024-07-17 12:59:20,664 [Worker-16: Launching MVC-Food-App (1)] INFO  o.eclipse.m2e.core.internal.Bundles - 	Entry: C:\Users\AtluriMukesh\.p2\pool\plugins\org.eclipse.m2e.maven.runtime_3.9.500.20231113-2345\jars\maven-resolver-provider-3.9.5.jar
2024-07-17 12:59:20,664 [Worker-16: Launching MVC-Food-App (1)] INFO  o.eclipse.m2e.core.internal.Bundles - 	Entry: C:\Users\AtluriMukesh\.p2\pool\plugins\org.eclipse.m2e.maven.runtime_3.9.500.20231113-2345\jars\maven-resolver-spi-1.9.16.jar
2024-07-17 12:59:20,664 [Worker-16: Launching MVC-Food-App (1)] INFO  o.eclipse.m2e.core.internal.Bundles - 	Entry: C:\Users\AtluriMukesh\.p2\pool\plugins\org.eclipse.m2e.maven.runtime_3.9.500.20231113-2345\jars\maven-resolver-transport-file-1.9.16.jar
2024-07-17 12:59:20,665 [Worker-16: Launching MVC-Food-App (1)] INFO  o.eclipse.m2e.core.internal.Bundles - 	Entry: C:\Users\AtluriMukesh\.p2\pool\plugins\org.eclipse.m2e.maven.runtime_3.9.500.20231113-2345\jars\maven-resolver-transport-http-1.9.16.jar
2024-07-17 12:59:20,665 [Worker-16: Launching MVC-Food-App (1)] INFO  o.eclipse.m2e.core.internal.Bundles - 	Entry: C:\Users\AtluriMukesh\.p2\pool\plugins\org.eclipse.m2e.maven.runtime_3.9.500.20231113-2345\jars\maven-resolver-transport-wagon-1.9.16.jar
2024-07-17 12:59:20,665 [Worker-16: Launching MVC-Food-App (1)] INFO  o.eclipse.m2e.core.internal.Bundles - 	Entry: C:\Users\AtluriMukesh\.p2\pool\plugins\org.eclipse.m2e.maven.runtime_3.9.500.20231113-2345\jars\maven-resolver-util-1.9.16.jar
2024-07-17 12:59:20,665 [Worker-16: Launching MVC-Food-App (1)] INFO  o.eclipse.m2e.core.internal.Bundles - 	Entry: C:\Users\AtluriMukesh\.p2\pool\plugins\org.eclipse.m2e.maven.runtime_3.9.500.20231113-2345\jars\maven-settings-3.9.5.jar
2024-07-17 12:59:20,666 [Worker-16: Launching MVC-Food-App (1)] INFO  o.eclipse.m2e.core.internal.Bundles - 	Entry: C:\Users\AtluriMukesh\.p2\pool\plugins\org.eclipse.m2e.maven.runtime_3.9.500.20231113-2345\jars\maven-settings-builder-3.9.5.jar
2024-07-17 12:59:20,666 [Worker-16: Launching MVC-Food-App (1)] INFO  o.eclipse.m2e.core.internal.Bundles - 	Entry: C:\Users\AtluriMukesh\.p2\pool\plugins\org.eclipse.m2e.maven.runtime_3.9.500.20231113-2345\jars\maven-shared-utils-3.3.4.jar
2024-07-17 12:59:20,666 [Worker-16: Launching MVC-Food-App (1)] INFO  o.eclipse.m2e.core.internal.Bundles - 	Entry: C:\Users\AtluriMukesh\.p2\pool\plugins\org.eclipse.m2e.maven.runtime_3.9.500.20231113-2345\jars\org.eclipse.sisu.inject-0.3.5.jar
2024-07-17 12:59:20,666 [Worker-16: Launching MVC-Food-App (1)] INFO  o.eclipse.m2e.core.internal.Bundles - 	Entry: C:\Users\AtluriMukesh\.p2\pool\plugins\org.eclipse.m2e.maven.runtime_3.9.500.20231113-2345\jars\org.eclipse.sisu.plexus-0.3.5.jar
2024-07-17 12:59:20,666 [Worker-16: Launching MVC-Food-App (1)] INFO  o.eclipse.m2e.core.internal.Bundles - 	Entry: C:\Users\AtluriMukesh\.p2\pool\plugins\org.eclipse.m2e.maven.runtime_3.9.500.20231113-2345\jars\plexus-build-api-0.0.7.jar
2024-07-17 12:59:20,666 [Worker-16: Launching MVC-Food-App (1)] INFO  o.eclipse.m2e.core.internal.Bundles - 	Entry: C:\Users\AtluriMukesh\.p2\pool\plugins\org.eclipse.m2e.maven.runtime_3.9.500.20231113-2345\jars\plexus-cipher-2.0.jar
2024-07-17 12:59:20,666 [Worker-16: Launching MVC-Food-App (1)] INFO  o.eclipse.m2e.core.internal.Bundles - 	Entry: C:\Users\AtluriMukesh\.p2\pool\plugins\org.eclipse.m2e.maven.runtime_3.9.500.20231113-2345\jars\plexus-classworlds-2.7.0.jar
2024-07-17 12:59:20,667 [Worker-16: Launching MVC-Food-App (1)] INFO  o.eclipse.m2e.core.internal.Bundles - 	Entry: C:\Users\AtluriMukesh\.p2\pool\plugins\org.eclipse.m2e.maven.runtime_3.9.500.20231113-2345\jars\plexus-component-annotations-2.1.0.jar
2024-07-17 12:59:20,667 [Worker-16: Launching MVC-Food-App (1)] INFO  o.eclipse.m2e.core.internal.Bundles - 	Entry: C:\Users\AtluriMukesh\.p2\pool\plugins\org.eclipse.m2e.maven.runtime_3.9.500.20231113-2345\jars\plexus-interpolation-1.26.jar
2024-07-17 12:59:20,667 [Worker-16: Launching MVC-Food-App (1)] INFO  o.eclipse.m2e.core.internal.Bundles - 	Entry: C:\Users\AtluriMukesh\.p2\pool\plugins\org.eclipse.m2e.maven.runtime_3.9.500.20231113-2345\jars\plexus-sec-dispatcher-2.0.jar
2024-07-17 12:59:20,667 [Worker-16: Launching MVC-Food-App (1)] INFO  o.eclipse.m2e.core.internal.Bundles - 	Entry: C:\Users\AtluriMukesh\.p2\pool\plugins\org.eclipse.m2e.maven.runtime_3.9.500.20231113-2345\jars\plexus-utils-3.5.1.jar
2024-07-17 12:59:20,667 [Worker-16: Launching MVC-Food-App (1)] INFO  o.eclipse.m2e.core.internal.Bundles - 	Entry: C:\Users\AtluriMukesh\.p2\pool\plugins\org.eclipse.m2e.maven.runtime_3.9.500.20231113-2345\jars\wagon-file-3.5.3.jar
2024-07-17 12:59:20,668 [Worker-16: Launching MVC-Food-App (1)] INFO  o.eclipse.m2e.core.internal.Bundles - 	Entry: C:\Users\AtluriMukesh\.p2\pool\plugins\org.eclipse.m2e.maven.runtime_3.9.500.20231113-2345\jars\wagon-http-3.5.3.jar
2024-07-17 12:59:20,668 [Worker-16: Launching MVC-Food-App (1)] INFO  o.eclipse.m2e.core.internal.Bundles - 	Entry: C:\Users\AtluriMukesh\.p2\pool\plugins\org.eclipse.m2e.maven.runtime_3.9.500.20231113-2345\jars\wagon-http-shared-3.5.3.jar
2024-07-17 12:59:20,668 [Worker-16: Launching MVC-Food-App (1)] INFO  o.eclipse.m2e.core.internal.Bundles - 	Entry: C:\Users\AtluriMukesh\.p2\pool\plugins\org.eclipse.m2e.maven.runtime_3.9.500.20231113-2345\jars\wagon-provider-api-3.5.3.jar
2024-07-17 12:59:20,668 [Worker-16: Launching MVC-Food-App (1)] INFO  o.eclipse.m2e.core.internal.Bundles - getClasspathEntries(Bundle=com.google.guava_32.1.3.jre [985])
2024-07-17 12:59:20,669 [Worker-16: Launching MVC-Food-App (1)] INFO  o.eclipse.m2e.core.internal.Bundles - 	Entry: C:\Users\AtluriMukesh\.p2\pool\plugins\com.google.guava_32.1.3.jre.jar
2024-07-17 12:59:20,669 [Worker-16: Launching MVC-Food-App (1)] INFO  o.eclipse.m2e.core.internal.Bundles - getClasspathEntries(Bundle=slf4j.api_2.0.9 [1725])
2024-07-17 12:59:20,669 [Worker-16: Launching MVC-Food-App (1)] INFO  o.eclipse.m2e.core.internal.Bundles - 	Entry: C:\Users\AtluriMukesh\.p2\pool\plugins\slf4j.api_2.0.9.jar
2024-07-17 12:59:20,669 [Worker-16: Launching MVC-Food-App (1)] INFO  o.eclipse.m2e.core.internal.Bundles - getClasspathEntries(Bundle=javax.inject_1.0.0.v20220405-0441 [37])
2024-07-17 12:59:20,670 [Worker-16: Launching MVC-Food-App (1)] INFO  o.eclipse.m2e.core.internal.Bundles - 	Entry: C:\Users\AtluriMukesh\.p2\pool\plugins\javax.inject_1.0.0.v20220405-0441.jar
2024-07-17 12:59:20,670 [Worker-16: Launching MVC-Food-App (1)] INFO  o.eclipse.m2e.core.internal.Bundles - getClasspathEntries(Bundle=javax.annotation_1.3.5.v20230504-0748 [35])
2024-07-17 12:59:20,670 [Worker-16: Launching MVC-Food-App (1)] INFO  o.eclipse.m2e.core.internal.Bundles - 	Entry: C:\Users\AtluriMukesh\.p2\pool\plugins\javax.annotation_1.3.5.v20230504-0748.jar
2024-07-17 12:59:20,670 [Worker-16: Launching MVC-Food-App (1)] INFO  o.eclipse.m2e.core.internal.Bundles - getClasspathEntries(Bundle=org.apache.commons.cli_1.6.0 [1025])
2024-07-17 12:59:20,670 [Worker-16: Launching MVC-Food-App (1)] INFO  o.eclipse.m2e.core.internal.Bundles - 	Entry: C:\Users\AtluriMukesh\.p2\pool\plugins\org.apache.commons.cli_1.6.0.jar
2024-07-17 12:59:20,670 [Worker-16: Launching MVC-Food-App (1)] INFO  o.eclipse.m2e.core.internal.Bundles - getClasspathEntries(Bundle=org.apache.commons.commons-codec_1.16.0 [1027])
2024-07-17 12:59:20,671 [Worker-16: Launching MVC-Food-App (1)] INFO  o.eclipse.m2e.core.internal.Bundles - 	Entry: C:\Users\AtluriMukesh\.p2\pool\plugins\org.apache.commons.commons-codec_1.16.0.jar
2024-07-17 12:59:20,671 [Worker-16: Launching MVC-Food-App (1)] INFO  o.eclipse.m2e.core.internal.Bundles - getClasspathEntries(Bundle=org.apache.commons.lang3_3.13.0 [1032])
2024-07-17 12:59:20,671 [Worker-16: Launching MVC-Food-App (1)] INFO  o.eclipse.m2e.core.internal.Bundles - 	Entry: C:\Users\AtluriMukesh\.p2\pool\plugins\org.apache.commons.lang3_3.13.0.jar
2024-07-17 12:59:20,671 [Worker-16: Launching MVC-Food-App (1)] INFO  o.eclipse.m2e.core.internal.Bundles - getClasspathEntries(Bundle=com.google.guava.failureaccess_1.0.2 [986])
2024-07-17 12:59:20,671 [Worker-16: Launching MVC-Food-App (1)] INFO  o.eclipse.m2e.core.internal.Bundles - 	Entry: C:\Users\AtluriMukesh\.p2\pool\plugins\com.google.guava.failureaccess_1.0.2.jar
2024-07-17 12:59:20,672 [Worker-16: Launching MVC-Food-App (1)] INFO  o.e.m.i.launch.MavenLaunchDelegate - Run build in "D:\servlet2\springboot\MVC-Food-App\MVC-Food-App":
2024-07-17 12:59:20,672 [Worker-16: Launching MVC-Food-App (1)] INFO  o.e.m.i.launch.MavenLaunchDelegate -  mvn  -B -Dstyle.color=always 
2024-07-17 13:00:14,352 [Worker-5: Launching MVC-Food-App (1)] INFO  o.eclipse.m2e.core.internal.Bundles - getClasspathEntries(Bundle=org.eclipse.m2e.maven.runtime_3.9.500.20231113-2345 [1472])
2024-07-17 13:00:14,354 [Worker-5: Launching MVC-Food-App (1)] INFO  o.eclipse.m2e.core.internal.Bundles - 	Entry: C:\Users\AtluriMukesh\.p2\pool\plugins\org.eclipse.m2e.maven.runtime_3.9.500.20231113-2345
2024-07-17 13:00:14,354 [Worker-5: Launching MVC-Food-App (1)] INFO  o.eclipse.m2e.core.internal.Bundles - 	Entry: C:\Users\AtluriMukesh\.p2\pool\plugins\org.eclipse.m2e.maven.runtime_3.9.500.20231113-2345\jars\aopalliance-1.0.jar
2024-07-17 13:00:14,354 [Worker-5: Launching MVC-Food-App (1)] INFO  o.eclipse.m2e.core.internal.Bundles - 	Entry: C:\Users\AtluriMukesh\.p2\pool\plugins\org.eclipse.m2e.maven.runtime_3.9.500.20231113-2345\jars\guice-5.1.0.jar
2024-07-17 13:00:14,354 [Worker-5: Launching MVC-Food-App (1)] INFO  o.eclipse.m2e.core.internal.Bundles - 	Entry: C:\Users\AtluriMukesh\.p2\pool\plugins\org.eclipse.m2e.maven.runtime_3.9.500.20231113-2345\jars\httpclient-4.5.14.jar
2024-07-17 13:00:14,355 [Worker-5: Launching MVC-Food-App (1)] INFO  o.eclipse.m2e.core.internal.Bundles - 	Entry: C:\Users\AtluriMukesh\.p2\pool\plugins\org.eclipse.m2e.maven.runtime_3.9.500.20231113-2345\jars\httpcore-4.4.16.jar
2024-07-17 13:00:14,355 [Worker-5: Launching MVC-Food-App (1)] INFO  o.eclipse.m2e.core.internal.Bundles - 	Entry: C:\Users\AtluriMukesh\.p2\pool\plugins\org.eclipse.m2e.maven.runtime_3.9.500.20231113-2345\jars\jansi-2.4.0.jar
2024-07-17 13:00:14,355 [Worker-5: Launching MVC-Food-App (1)] INFO  o.eclipse.m2e.core.internal.Bundles - 	Entry: C:\Users\AtluriMukesh\.p2\pool\plugins\org.eclipse.m2e.maven.runtime_3.9.500.20231113-2345\jars\jcl-over-slf4j-1.7.36.jar
2024-07-17 13:00:14,355 [Worker-5: Launching MVC-Food-App (1)] INFO  o.eclipse.m2e.core.internal.Bundles - 	Entry: C:\Users\AtluriMukesh\.p2\pool\plugins\org.eclipse.m2e.maven.runtime_3.9.500.20231113-2345\jars\maven-artifact-3.9.5.jar
2024-07-17 13:00:14,356 [Worker-5: Launching MVC-Food-App (1)] INFO  o.eclipse.m2e.core.internal.Bundles - 	Entry: C:\Users\AtluriMukesh\.p2\pool\plugins\org.eclipse.m2e.maven.runtime_3.9.500.20231113-2345\jars\maven-builder-support-3.9.5.jar
2024-07-17 13:00:14,356 [Worker-5: Launching MVC-Food-App (1)] INFO  o.eclipse.m2e.core.internal.Bundles - 	Entry: C:\Users\AtluriMukesh\.p2\pool\plugins\org.eclipse.m2e.maven.runtime_3.9.500.20231113-2345\jars\maven-compat-3.9.5.jar
2024-07-17 13:00:14,356 [Worker-5: Launching MVC-Food-App (1)] INFO  o.eclipse.m2e.core.internal.Bundles - 	Entry: C:\Users\AtluriMukesh\.p2\pool\plugins\org.eclipse.m2e.maven.runtime_3.9.500.20231113-2345\jars\maven-core-3.9.5.jar
2024-07-17 13:00:14,356 [Worker-5: Launching MVC-Food-App (1)] INFO  o.eclipse.m2e.core.internal.Bundles - 	Entry: C:\Users\AtluriMukesh\.p2\pool\plugins\org.eclipse.m2e.maven.runtime_3.9.500.20231113-2345\jars\maven-embedder-3.9.5.jar
2024-07-17 13:00:14,356 [Worker-5: Launching MVC-Food-App (1)] INFO  o.eclipse.m2e.core.internal.Bundles - 	Entry: C:\Users\AtluriMukesh\.p2\pool\plugins\org.eclipse.m2e.maven.runtime_3.9.500.20231113-2345\jars\maven-model-3.9.5.jar
2024-07-17 13:00:14,357 [Worker-5: Launching MVC-Food-App (1)] INFO  o.eclipse.m2e.core.internal.Bundles - 	Entry: C:\Users\AtluriMukesh\.p2\pool\plugins\org.eclipse.m2e.maven.runtime_3.9.500.20231113-2345\jars\maven-model-builder-3.9.5.jar
2024-07-17 13:00:14,357 [Worker-5: Launching MVC-Food-App (1)] INFO  o.eclipse.m2e.core.internal.Bundles - 	Entry: C:\Users\AtluriMukesh\.p2\pool\plugins\org.eclipse.m2e.maven.runtime_3.9.500.20231113-2345\jars\maven-plugin-api-3.9.5.jar
2024-07-17 13:00:14,357 [Worker-5: Launching MVC-Food-App (1)] INFO  o.eclipse.m2e.core.internal.Bundles - 	Entry: C:\Users\AtluriMukesh\.p2\pool\plugins\org.eclipse.m2e.maven.runtime_3.9.500.20231113-2345\jars\maven-repository-metadata-3.9.5.jar
2024-07-17 13:00:14,357 [Worker-5: Launching MVC-Food-App (1)] INFO  o.eclipse.m2e.core.internal.Bundles - 	Entry: C:\Users\AtluriMukesh\.p2\pool\plugins\org.eclipse.m2e.maven.runtime_3.9.500.20231113-2345\jars\maven-resolver-api-1.9.16.jar
2024-07-17 13:00:14,357 [Worker-5: Launching MVC-Food-App (1)] INFO  o.eclipse.m2e.core.internal.Bundles - 	Entry: C:\Users\AtluriMukesh\.p2\pool\plugins\org.eclipse.m2e.maven.runtime_3.9.500.20231113-2345\jars\maven-resolver-connector-basic-1.9.16.jar
2024-07-17 13:00:14,357 [Worker-5: Launching MVC-Food-App (1)] INFO  o.eclipse.m2e.core.internal.Bundles - 	Entry: C:\Users\AtluriMukesh\.p2\pool\plugins\org.eclipse.m2e.maven.runtime_3.9.500.20231113-2345\jars\maven-resolver-impl-1.9.16.jar
2024-07-17 13:00:14,358 [Worker-5: Launching MVC-Food-App (1)] INFO  o.eclipse.m2e.core.internal.Bundles - 	Entry: C:\Users\AtluriMukesh\.p2\pool\plugins\org.eclipse.m2e.maven.runtime_3.9.500.20231113-2345\jars\maven-resolver-named-locks-1.9.16.jar
2024-07-17 13:00:14,358 [Worker-5: Launching MVC-Food-App (1)] INFO  o.eclipse.m2e.core.internal.Bundles - 	Entry: C:\Users\AtluriMukesh\.p2\pool\plugins\org.eclipse.m2e.maven.runtime_3.9.500.20231113-2345\jars\maven-resolver-provider-3.9.5.jar
2024-07-17 13:00:14,358 [Worker-5: Launching MVC-Food-App (1)] INFO  o.eclipse.m2e.core.internal.Bundles - 	Entry: C:\Users\AtluriMukesh\.p2\pool\plugins\org.eclipse.m2e.maven.runtime_3.9.500.20231113-2345\jars\maven-resolver-spi-1.9.16.jar
2024-07-17 13:00:14,359 [Worker-5: Launching MVC-Food-App (1)] INFO  o.eclipse.m2e.core.internal.Bundles - 	Entry: C:\Users\AtluriMukesh\.p2\pool\plugins\org.eclipse.m2e.maven.runtime_3.9.500.20231113-2345\jars\maven-resolver-transport-file-1.9.16.jar
2024-07-17 13:00:14,359 [Worker-5: Launching MVC-Food-App (1)] INFO  o.eclipse.m2e.core.internal.Bundles - 	Entry: C:\Users\AtluriMukesh\.p2\pool\plugins\org.eclipse.m2e.maven.runtime_3.9.500.20231113-2345\jars\maven-resolver-transport-http-1.9.16.jar
2024-07-17 13:00:14,360 [Worker-5: Launching MVC-Food-App (1)] INFO  o.eclipse.m2e.core.internal.Bundles - 	Entry: C:\Users\AtluriMukesh\.p2\pool\plugins\org.eclipse.m2e.maven.runtime_3.9.500.20231113-2345\jars\maven-resolver-transport-wagon-1.9.16.jar
2024-07-17 13:00:14,360 [Worker-5: Launching MVC-Food-App (1)] INFO  o.eclipse.m2e.core.internal.Bundles - 	Entry: C:\Users\AtluriMukesh\.p2\pool\plugins\org.eclipse.m2e.maven.runtime_3.9.500.20231113-2345\jars\maven-resolver-util-1.9.16.jar
2024-07-17 13:00:14,360 [Worker-5: Launching MVC-Food-App (1)] INFO  o.eclipse.m2e.core.internal.Bundles - 	Entry: C:\Users\AtluriMukesh\.p2\pool\plugins\org.eclipse.m2e.maven.runtime_3.9.500.20231113-2345\jars\maven-settings-3.9.5.jar
2024-07-17 13:00:14,361 [Worker-5: Launching MVC-Food-App (1)] INFO  o.eclipse.m2e.core.internal.Bundles - 	Entry: C:\Users\AtluriMukesh\.p2\pool\plugins\org.eclipse.m2e.maven.runtime_3.9.500.20231113-2345\jars\maven-settings-builder-3.9.5.jar
2024-07-17 13:00:14,361 [Worker-5: Launching MVC-Food-App (1)] INFO  o.eclipse.m2e.core.internal.Bundles - 	Entry: C:\Users\AtluriMukesh\.p2\pool\plugins\org.eclipse.m2e.maven.runtime_3.9.500.20231113-2345\jars\maven-shared-utils-3.3.4.jar
2024-07-17 13:00:14,361 [Worker-5: Launching MVC-Food-App (1)] INFO  o.eclipse.m2e.core.internal.Bundles - 	Entry: C:\Users\AtluriMukesh\.p2\pool\plugins\org.eclipse.m2e.maven.runtime_3.9.500.20231113-2345\jars\org.eclipse.sisu.inject-0.3.5.jar
2024-07-17 13:00:14,361 [Worker-5: Launching MVC-Food-App (1)] INFO  o.eclipse.m2e.core.internal.Bundles - 	Entry: C:\Users\AtluriMukesh\.p2\pool\plugins\org.eclipse.m2e.maven.runtime_3.9.500.20231113-2345\jars\org.eclipse.sisu.plexus-0.3.5.jar
2024-07-17 13:00:14,362 [Worker-5: Launching MVC-Food-App (1)] INFO  o.eclipse.m2e.core.internal.Bundles - 	Entry: C:\Users\AtluriMukesh\.p2\pool\plugins\org.eclipse.m2e.maven.runtime_3.9.500.20231113-2345\jars\plexus-build-api-0.0.7.jar
2024-07-17 13:00:14,362 [Worker-5: Launching MVC-Food-App (1)] INFO  o.eclipse.m2e.core.internal.Bundles - 	Entry: C:\Users\AtluriMukesh\.p2\pool\plugins\org.eclipse.m2e.maven.runtime_3.9.500.20231113-2345\jars\plexus-cipher-2.0.jar
2024-07-17 13:00:14,362 [Worker-5: Launching MVC-Food-App (1)] INFO  o.eclipse.m2e.core.internal.Bundles - 	Entry: C:\Users\AtluriMukesh\.p2\pool\plugins\org.eclipse.m2e.maven.runtime_3.9.500.20231113-2345\jars\plexus-classworlds-2.7.0.jar
2024-07-17 13:00:14,362 [Worker-5: Launching MVC-Food-App (1)] INFO  o.eclipse.m2e.core.internal.Bundles - 	Entry: C:\Users\AtluriMukesh\.p2\pool\plugins\org.eclipse.m2e.maven.runtime_3.9.500.20231113-2345\jars\plexus-component-annotations-2.1.0.jar
2024-07-17 13:00:14,362 [Worker-5: Launching MVC-Food-App (1)] INFO  o.eclipse.m2e.core.internal.Bundles - 	Entry: C:\Users\AtluriMukesh\.p2\pool\plugins\org.eclipse.m2e.maven.runtime_3.9.500.20231113-2345\jars\plexus-interpolation-1.26.jar
2024-07-17 13:00:14,362 [Worker-5: Launching MVC-Food-App (1)] INFO  o.eclipse.m2e.core.internal.Bundles - 	Entry: C:\Users\AtluriMukesh\.p2\pool\plugins\org.eclipse.m2e.maven.runtime_3.9.500.20231113-2345\jars\plexus-sec-dispatcher-2.0.jar
2024-07-17 13:00:14,363 [Worker-5: Launching MVC-Food-App (1)] INFO  o.eclipse.m2e.core.internal.Bundles - 	Entry: C:\Users\AtluriMukesh\.p2\pool\plugins\org.eclipse.m2e.maven.runtime_3.9.500.20231113-2345\jars\plexus-utils-3.5.1.jar
2024-07-17 13:00:14,363 [Worker-5: Launching MVC-Food-App (1)] INFO  o.eclipse.m2e.core.internal.Bundles - 	Entry: C:\Users\AtluriMukesh\.p2\pool\plugins\org.eclipse.m2e.maven.runtime_3.9.500.20231113-2345\jars\wagon-file-3.5.3.jar
2024-07-17 13:00:14,363 [Worker-5: Launching MVC-Food-App (1)] INFO  o.eclipse.m2e.core.internal.Bundles - 	Entry: C:\Users\AtluriMukesh\.p2\pool\plugins\org.eclipse.m2e.maven.runtime_3.9.500.20231113-2345\jars\wagon-http-3.5.3.jar
2024-07-17 13:00:14,363 [Worker-5: Launching MVC-Food-App (1)] INFO  o.eclipse.m2e.core.internal.Bundles - 	Entry: C:\Users\AtluriMukesh\.p2\pool\plugins\org.eclipse.m2e.maven.runtime_3.9.500.20231113-2345\jars\wagon-http-shared-3.5.3.jar
2024-07-17 13:00:14,364 [Worker-5: Launching MVC-Food-App (1)] INFO  o.eclipse.m2e.core.internal.Bundles - 	Entry: C:\Users\AtluriMukesh\.p2\pool\plugins\org.eclipse.m2e.maven.runtime_3.9.500.20231113-2345\jars\wagon-provider-api-3.5.3.jar
2024-07-17 13:00:14,364 [Worker-5: Launching MVC-Food-App (1)] INFO  o.eclipse.m2e.core.internal.Bundles - getClasspathEntries(Bundle=com.google.guava_32.1.3.jre [985])
2024-07-17 13:00:14,365 [Worker-5: Launching MVC-Food-App (1)] INFO  o.eclipse.m2e.core.internal.Bundles - 	Entry: C:\Users\AtluriMukesh\.p2\pool\plugins\com.google.guava_32.1.3.jre.jar
2024-07-17 13:00:14,365 [Worker-5: Launching MVC-Food-App (1)] INFO  o.eclipse.m2e.core.internal.Bundles - getClasspathEntries(Bundle=slf4j.api_2.0.9 [1725])
2024-07-17 13:00:14,365 [Worker-5: Launching MVC-Food-App (1)] INFO  o.eclipse.m2e.core.internal.Bundles - 	Entry: C:\Users\AtluriMukesh\.p2\pool\plugins\slf4j.api_2.0.9.jar
2024-07-17 13:00:14,366 [Worker-5: Launching MVC-Food-App (1)] INFO  o.eclipse.m2e.core.internal.Bundles - getClasspathEntries(Bundle=javax.inject_1.0.0.v20220405-0441 [37])
2024-07-17 13:00:14,366 [Worker-5: Launching MVC-Food-App (1)] INFO  o.eclipse.m2e.core.internal.Bundles - 	Entry: C:\Users\AtluriMukesh\.p2\pool\plugins\javax.inject_1.0.0.v20220405-0441.jar
2024-07-17 13:00:14,366 [Worker-5: Launching MVC-Food-App (1)] INFO  o.eclipse.m2e.core.internal.Bundles - getClasspathEntries(Bundle=javax.annotation_1.3.5.v20230504-0748 [35])
2024-07-17 13:00:14,366 [Worker-5: Launching MVC-Food-App (1)] INFO  o.eclipse.m2e.core.internal.Bundles - 	Entry: C:\Users\AtluriMukesh\.p2\pool\plugins\javax.annotation_1.3.5.v20230504-0748.jar
2024-07-17 13:00:14,366 [Worker-5: Launching MVC-Food-App (1)] INFO  o.eclipse.m2e.core.internal.Bundles - getClasspathEntries(Bundle=org.apache.commons.cli_1.6.0 [1025])
2024-07-17 13:00:14,367 [Worker-5: Launching MVC-Food-App (1)] INFO  o.eclipse.m2e.core.internal.Bundles - 	Entry: C:\Users\AtluriMukesh\.p2\pool\plugins\org.apache.commons.cli_1.6.0.jar
2024-07-17 13:00:14,367 [Worker-5: Launching MVC-Food-App (1)] INFO  o.eclipse.m2e.core.internal.Bundles - getClasspathEntries(Bundle=org.apache.commons.commons-codec_1.16.0 [1027])
2024-07-17 13:00:14,367 [Worker-5: Launching MVC-Food-App (1)] INFO  o.eclipse.m2e.core.internal.Bundles - 	Entry: C:\Users\AtluriMukesh\.p2\pool\plugins\org.apache.commons.commons-codec_1.16.0.jar
2024-07-17 13:00:14,367 [Worker-5: Launching MVC-Food-App (1)] INFO  o.eclipse.m2e.core.internal.Bundles - getClasspathEntries(Bundle=org.apache.commons.lang3_3.13.0 [1032])
2024-07-17 13:00:14,368 [Worker-5: Launching MVC-Food-App (1)] INFO  o.eclipse.m2e.core.internal.Bundles - 	Entry: C:\Users\AtluriMukesh\.p2\pool\plugins\org.apache.commons.lang3_3.13.0.jar
2024-07-17 13:00:14,368 [Worker-5: Launching MVC-Food-App (1)] INFO  o.eclipse.m2e.core.internal.Bundles - getClasspathEntries(Bundle=com.google.guava.failureaccess_1.0.2 [986])
2024-07-17 13:00:14,368 [Worker-5: Launching MVC-Food-App (1)] INFO  o.eclipse.m2e.core.internal.Bundles - 	Entry: C:\Users\AtluriMukesh\.p2\pool\plugins\com.google.guava.failureaccess_1.0.2.jar
2024-07-17 13:00:14,369 [Worker-5: Launching MVC-Food-App (1)] INFO  o.e.m.i.launch.MavenLaunchDelegate - Run build in "D:\servlet2\springboot\MVC-Food-App\MVC-Food-App":
2024-07-17 13:00:14,369 [Worker-5: Launching MVC-Food-App (1)] INFO  o.e.m.i.launch.MavenLaunchDelegate -  mvn  -B -Dstyle.color=always 
2024-07-17 13:00:27,319 [Worker-5: Launching MVC-Food-App (1)] INFO  o.eclipse.m2e.core.internal.Bundles - getClasspathEntries(Bundle=org.eclipse.m2e.maven.runtime_3.9.500.20231113-2345 [1472])
2024-07-17 13:00:27,320 [Worker-5: Launching MVC-Food-App (1)] INFO  o.eclipse.m2e.core.internal.Bundles - 	Entry: C:\Users\AtluriMukesh\.p2\pool\plugins\org.eclipse.m2e.maven.runtime_3.9.500.20231113-2345
2024-07-17 13:00:27,320 [Worker-5: Launching MVC-Food-App (1)] INFO  o.eclipse.m2e.core.internal.Bundles - 	Entry: C:\Users\AtluriMukesh\.p2\pool\plugins\org.eclipse.m2e.maven.runtime_3.9.500.20231113-2345\jars\aopalliance-1.0.jar
2024-07-17 13:00:27,321 [Worker-5: Launching MVC-Food-App (1)] INFO  o.eclipse.m2e.core.internal.Bundles - 	Entry: C:\Users\AtluriMukesh\.p2\pool\plugins\org.eclipse.m2e.maven.runtime_3.9.500.20231113-2345\jars\guice-5.1.0.jar
2024-07-17 13:00:27,321 [Worker-5: Launching MVC-Food-App (1)] INFO  o.eclipse.m2e.core.internal.Bundles - 	Entry: C:\Users\AtluriMukesh\.p2\pool\plugins\org.eclipse.m2e.maven.runtime_3.9.500.20231113-2345\jars\httpclient-4.5.14.jar
2024-07-17 13:00:27,321 [Worker-5: Launching MVC-Food-App (1)] INFO  o.eclipse.m2e.core.internal.Bundles - 	Entry: C:\Users\AtluriMukesh\.p2\pool\plugins\org.eclipse.m2e.maven.runtime_3.9.500.20231113-2345\jars\httpcore-4.4.16.jar
2024-07-17 13:00:27,321 [Worker-5: Launching MVC-Food-App (1)] INFO  o.eclipse.m2e.core.internal.Bundles - 	Entry: C:\Users\AtluriMukesh\.p2\pool\plugins\org.eclipse.m2e.maven.runtime_3.9.500.20231113-2345\jars\jansi-2.4.0.jar
2024-07-17 13:00:27,322 [Worker-5: Launching MVC-Food-App (1)] INFO  o.eclipse.m2e.core.internal.Bundles - 	Entry: C:\Users\AtluriMukesh\.p2\pool\plugins\org.eclipse.m2e.maven.runtime_3.9.500.20231113-2345\jars\jcl-over-slf4j-1.7.36.jar
2024-07-17 13:00:27,322 [Worker-5: Launching MVC-Food-App (1)] INFO  o.eclipse.m2e.core.internal.Bundles - 	Entry: C:\Users\AtluriMukesh\.p2\pool\plugins\org.eclipse.m2e.maven.runtime_3.9.500.20231113-2345\jars\maven-artifact-3.9.5.jar
2024-07-17 13:00:27,322 [Worker-5: Launching MVC-Food-App (1)] INFO  o.eclipse.m2e.core.internal.Bundles - 	Entry: C:\Users\AtluriMukesh\.p2\pool\plugins\org.eclipse.m2e.maven.runtime_3.9.500.20231113-2345\jars\maven-builder-support-3.9.5.jar
2024-07-17 13:00:27,322 [Worker-5: Launching MVC-Food-App (1)] INFO  o.eclipse.m2e.core.internal.Bundles - 	Entry: C:\Users\AtluriMukesh\.p2\pool\plugins\org.eclipse.m2e.maven.runtime_3.9.500.20231113-2345\jars\maven-compat-3.9.5.jar
2024-07-17 13:00:27,323 [Worker-5: Launching MVC-Food-App (1)] INFO  o.eclipse.m2e.core.internal.Bundles - 	Entry: C:\Users\AtluriMukesh\.p2\pool\plugins\org.eclipse.m2e.maven.runtime_3.9.500.20231113-2345\jars\maven-core-3.9.5.jar
2024-07-17 13:00:27,323 [Worker-5: Launching MVC-Food-App (1)] INFO  o.eclipse.m2e.core.internal.Bundles - 	Entry: C:\Users\AtluriMukesh\.p2\pool\plugins\org.eclipse.m2e.maven.runtime_3.9.500.20231113-2345\jars\maven-embedder-3.9.5.jar
2024-07-17 13:00:27,324 [Worker-5: Launching MVC-Food-App (1)] INFO  o.eclipse.m2e.core.internal.Bundles - 	Entry: C:\Users\AtluriMukesh\.p2\pool\plugins\org.eclipse.m2e.maven.runtime_3.9.500.20231113-2345\jars\maven-model-3.9.5.jar
2024-07-17 13:00:27,324 [Worker-5: Launching MVC-Food-App (1)] INFO  o.eclipse.m2e.core.internal.Bundles - 	Entry: C:\Users\AtluriMukesh\.p2\pool\plugins\org.eclipse.m2e.maven.runtime_3.9.500.20231113-2345\jars\maven-model-builder-3.9.5.jar
2024-07-17 13:00:27,324 [Worker-5: Launching MVC-Food-App (1)] INFO  o.eclipse.m2e.core.internal.Bundles - 	Entry: C:\Users\AtluriMukesh\.p2\pool\plugins\org.eclipse.m2e.maven.runtime_3.9.500.20231113-2345\jars\maven-plugin-api-3.9.5.jar
2024-07-17 13:00:27,325 [Worker-5: Launching MVC-Food-App (1)] INFO  o.eclipse.m2e.core.internal.Bundles - 	Entry: C:\Users\AtluriMukesh\.p2\pool\plugins\org.eclipse.m2e.maven.runtime_3.9.500.20231113-2345\jars\maven-repository-metadata-3.9.5.jar
2024-07-17 13:00:27,325 [Worker-5: Launching MVC-Food-App (1)] INFO  o.eclipse.m2e.core.internal.Bundles - 	Entry: C:\Users\AtluriMukesh\.p2\pool\plugins\org.eclipse.m2e.maven.runtime_3.9.500.20231113-2345\jars\maven-resolver-api-1.9.16.jar
2024-07-17 13:00:27,325 [Worker-5: Launching MVC-Food-App (1)] INFO  o.eclipse.m2e.core.internal.Bundles - 	Entry: C:\Users\AtluriMukesh\.p2\pool\plugins\org.eclipse.m2e.maven.runtime_3.9.500.20231113-2345\jars\maven-resolver-connector-basic-1.9.16.jar
2024-07-17 13:00:27,325 [Worker-5: Launching MVC-Food-App (1)] INFO  o.eclipse.m2e.core.internal.Bundles - 	Entry: C:\Users\AtluriMukesh\.p2\pool\plugins\org.eclipse.m2e.maven.runtime_3.9.500.20231113-2345\jars\maven-resolver-impl-1.9.16.jar
2024-07-17 13:00:27,325 [Worker-5: Launching MVC-Food-App (1)] INFO  o.eclipse.m2e.core.internal.Bundles - 	Entry: C:\Users\AtluriMukesh\.p2\pool\plugins\org.eclipse.m2e.maven.runtime_3.9.500.20231113-2345\jars\maven-resolver-named-locks-1.9.16.jar
2024-07-17 13:00:27,326 [Worker-5: Launching MVC-Food-App (1)] INFO  o.eclipse.m2e.core.internal.Bundles - 	Entry: C:\Users\AtluriMukesh\.p2\pool\plugins\org.eclipse.m2e.maven.runtime_3.9.500.20231113-2345\jars\maven-resolver-provider-3.9.5.jar
2024-07-17 13:00:27,326 [Worker-5: Launching MVC-Food-App (1)] INFO  o.eclipse.m2e.core.internal.Bundles - 	Entry: C:\Users\AtluriMukesh\.p2\pool\plugins\org.eclipse.m2e.maven.runtime_3.9.500.20231113-2345\jars\maven-resolver-spi-1.9.16.jar
2024-07-17 13:00:27,326 [Worker-5: Launching MVC-Food-App (1)] INFO  o.eclipse.m2e.core.internal.Bundles - 	Entry: C:\Users\AtluriMukesh\.p2\pool\plugins\org.eclipse.m2e.maven.runtime_3.9.500.20231113-2345\jars\maven-resolver-transport-file-1.9.16.jar
2024-07-17 13:00:27,326 [Worker-5: Launching MVC-Food-App (1)] INFO  o.eclipse.m2e.core.internal.Bundles - 	Entry: C:\Users\AtluriMukesh\.p2\pool\plugins\org.eclipse.m2e.maven.runtime_3.9.500.20231113-2345\jars\maven-resolver-transport-http-1.9.16.jar
2024-07-17 13:00:27,327 [Worker-5: Launching MVC-Food-App (1)] INFO  o.eclipse.m2e.core.internal.Bundles - 	Entry: C:\Users\AtluriMukesh\.p2\pool\plugins\org.eclipse.m2e.maven.runtime_3.9.500.20231113-2345\jars\maven-resolver-transport-wagon-1.9.16.jar
2024-07-17 13:00:27,327 [Worker-5: Launching MVC-Food-App (1)] INFO  o.eclipse.m2e.core.internal.Bundles - 	Entry: C:\Users\AtluriMukesh\.p2\pool\plugins\org.eclipse.m2e.maven.runtime_3.9.500.20231113-2345\jars\maven-resolver-util-1.9.16.jar
2024-07-17 13:00:27,327 [Worker-5: Launching MVC-Food-App (1)] INFO  o.eclipse.m2e.core.internal.Bundles - 	Entry: C:\Users\AtluriMukesh\.p2\pool\plugins\org.eclipse.m2e.maven.runtime_3.9.500.20231113-2345\jars\maven-settings-3.9.5.jar
2024-07-17 13:00:27,327 [Worker-5: Launching MVC-Food-App (1)] INFO  o.eclipse.m2e.core.internal.Bundles - 	Entry: C:\Users\AtluriMukesh\.p2\pool\plugins\org.eclipse.m2e.maven.runtime_3.9.500.20231113-2345\jars\maven-settings-builder-3.9.5.jar
2024-07-17 13:00:27,327 [Worker-5: Launching MVC-Food-App (1)] INFO  o.eclipse.m2e.core.internal.Bundles - 	Entry: C:\Users\AtluriMukesh\.p2\pool\plugins\org.eclipse.m2e.maven.runtime_3.9.500.20231113-2345\jars\maven-shared-utils-3.3.4.jar
2024-07-17 13:00:27,328 [Worker-5: Launching MVC-Food-App (1)] INFO  o.eclipse.m2e.core.internal.Bundles - 	Entry: C:\Users\AtluriMukesh\.p2\pool\plugins\org.eclipse.m2e.maven.runtime_3.9.500.20231113-2345\jars\org.eclipse.sisu.inject-0.3.5.jar
2024-07-17 13:00:27,328 [Worker-5: Launching MVC-Food-App (1)] INFO  o.eclipse.m2e.core.internal.Bundles - 	Entry: C:\Users\AtluriMukesh\.p2\pool\plugins\org.eclipse.m2e.maven.runtime_3.9.500.20231113-2345\jars\org.eclipse.sisu.plexus-0.3.5.jar
2024-07-17 13:00:27,328 [Worker-5: Launching MVC-Food-App (1)] INFO  o.eclipse.m2e.core.internal.Bundles - 	Entry: C:\Users\AtluriMukesh\.p2\pool\plugins\org.eclipse.m2e.maven.runtime_3.9.500.20231113-2345\jars\plexus-build-api-0.0.7.jar
2024-07-17 13:00:27,328 [Worker-5: Launching MVC-Food-App (1)] INFO  o.eclipse.m2e.core.internal.Bundles - 	Entry: C:\Users\AtluriMukesh\.p2\pool\plugins\org.eclipse.m2e.maven.runtime_3.9.500.20231113-2345\jars\plexus-cipher-2.0.jar
2024-07-17 13:00:27,328 [Worker-5: Launching MVC-Food-App (1)] INFO  o.eclipse.m2e.core.internal.Bundles - 	Entry: C:\Users\AtluriMukesh\.p2\pool\plugins\org.eclipse.m2e.maven.runtime_3.9.500.20231113-2345\jars\plexus-classworlds-2.7.0.jar
2024-07-17 13:00:27,329 [Worker-5: Launching MVC-Food-App (1)] INFO  o.eclipse.m2e.core.internal.Bundles - 	Entry: C:\Users\AtluriMukesh\.p2\pool\plugins\org.eclipse.m2e.maven.runtime_3.9.500.20231113-2345\jars\plexus-component-annotations-2.1.0.jar
2024-07-17 13:00:27,329 [Worker-5: Launching MVC-Food-App (1)] INFO  o.eclipse.m2e.core.internal.Bundles - 	Entry: C:\Users\AtluriMukesh\.p2\pool\plugins\org.eclipse.m2e.maven.runtime_3.9.500.20231113-2345\jars\plexus-interpolation-1.26.jar
2024-07-17 13:00:27,329 [Worker-5: Launching MVC-Food-App (1)] INFO  o.eclipse.m2e.core.internal.Bundles - 	Entry: C:\Users\AtluriMukesh\.p2\pool\plugins\org.eclipse.m2e.maven.runtime_3.9.500.20231113-2345\jars\plexus-sec-dispatcher-2.0.jar
2024-07-17 13:00:27,329 [Worker-5: Launching MVC-Food-App (1)] INFO  o.eclipse.m2e.core.internal.Bundles - 	Entry: C:\Users\AtluriMukesh\.p2\pool\plugins\org.eclipse.m2e.maven.runtime_3.9.500.20231113-2345\jars\plexus-utils-3.5.1.jar
2024-07-17 13:00:27,329 [Worker-5: Launching MVC-Food-App (1)] INFO  o.eclipse.m2e.core.internal.Bundles - 	Entry: C:\Users\AtluriMukesh\.p2\pool\plugins\org.eclipse.m2e.maven.runtime_3.9.500.20231113-2345\jars\wagon-file-3.5.3.jar
2024-07-17 13:00:27,329 [Worker-5: Launching MVC-Food-App (1)] INFO  o.eclipse.m2e.core.internal.Bundles - 	Entry: C:\Users\AtluriMukesh\.p2\pool\plugins\org.eclipse.m2e.maven.runtime_3.9.500.20231113-2345\jars\wagon-http-3.5.3.jar
2024-07-17 13:00:27,330 [Worker-5: Launching MVC-Food-App (1)] INFO  o.eclipse.m2e.core.internal.Bundles - 	Entry: C:\Users\AtluriMukesh\.p2\pool\plugins\org.eclipse.m2e.maven.runtime_3.9.500.20231113-2345\jars\wagon-http-shared-3.5.3.jar
2024-07-17 13:00:27,330 [Worker-5: Launching MVC-Food-App (1)] INFO  o.eclipse.m2e.core.internal.Bundles - 	Entry: C:\Users\AtluriMukesh\.p2\pool\plugins\org.eclipse.m2e.maven.runtime_3.9.500.20231113-2345\jars\wagon-provider-api-3.5.3.jar
2024-07-17 13:00:27,330 [Worker-5: Launching MVC-Food-App (1)] INFO  o.eclipse.m2e.core.internal.Bundles - getClasspathEntries(Bundle=com.google.guava_32.1.3.jre [985])
2024-07-17 13:00:27,331 [Worker-5: Launching MVC-Food-App (1)] INFO  o.eclipse.m2e.core.internal.Bundles - 	Entry: C:\Users\AtluriMukesh\.p2\pool\plugins\com.google.guava_32.1.3.jre.jar
2024-07-17 13:00:27,332 [Worker-5: Launching MVC-Food-App (1)] INFO  o.eclipse.m2e.core.internal.Bundles - getClasspathEntries(Bundle=slf4j.api_2.0.9 [1725])
2024-07-17 13:00:27,332 [Worker-5: Launching MVC-Food-App (1)] INFO  o.eclipse.m2e.core.internal.Bundles - 	Entry: C:\Users\AtluriMukesh\.p2\pool\plugins\slf4j.api_2.0.9.jar
2024-07-17 13:00:27,332 [Worker-5: Launching MVC-Food-App (1)] INFO  o.eclipse.m2e.core.internal.Bundles - getClasspathEntries(Bundle=javax.inject_1.0.0.v20220405-0441 [37])
2024-07-17 13:00:27,333 [Worker-5: Launching MVC-Food-App (1)] INFO  o.eclipse.m2e.core.internal.Bundles - 	Entry: C:\Users\AtluriMukesh\.p2\pool\plugins\javax.inject_1.0.0.v20220405-0441.jar
2024-07-17 13:00:27,333 [Worker-5: Launching MVC-Food-App (1)] INFO  o.eclipse.m2e.core.internal.Bundles - getClasspathEntries(Bundle=javax.annotation_1.3.5.v20230504-0748 [35])
2024-07-17 13:00:27,333 [Worker-5: Launching MVC-Food-App (1)] INFO  o.eclipse.m2e.core.internal.Bundles - 	Entry: C:\Users\AtluriMukesh\.p2\pool\plugins\javax.annotation_1.3.5.v20230504-0748.jar
2024-07-17 13:00:27,334 [Worker-5: Launching MVC-Food-App (1)] INFO  o.eclipse.m2e.core.internal.Bundles - getClasspathEntries(Bundle=org.apache.commons.cli_1.6.0 [1025])
2024-07-17 13:00:27,334 [Worker-5: Launching MVC-Food-App (1)] INFO  o.eclipse.m2e.core.internal.Bundles - 	Entry: C:\Users\AtluriMukesh\.p2\pool\plugins\org.apache.commons.cli_1.6.0.jar
2024-07-17 13:00:27,334 [Worker-5: Launching MVC-Food-App (1)] INFO  o.eclipse.m2e.core.internal.Bundles - getClasspathEntries(Bundle=org.apache.commons.commons-codec_1.16.0 [1027])
2024-07-17 13:00:27,334 [Worker-5: Launching MVC-Food-App (1)] INFO  o.eclipse.m2e.core.internal.Bundles - 	Entry: C:\Users\AtluriMukesh\.p2\pool\plugins\org.apache.commons.commons-codec_1.16.0.jar
2024-07-17 13:00:27,335 [Worker-5: Launching MVC-Food-App (1)] INFO  o.eclipse.m2e.core.internal.Bundles - getClasspathEntries(Bundle=org.apache.commons.lang3_3.13.0 [1032])
2024-07-17 13:00:27,335 [Worker-5: Launching MVC-Food-App (1)] INFO  o.eclipse.m2e.core.internal.Bundles - 	Entry: C:\Users\AtluriMukesh\.p2\pool\plugins\org.apache.commons.lang3_3.13.0.jar
2024-07-17 13:00:27,335 [Worker-5: Launching MVC-Food-App (1)] INFO  o.eclipse.m2e.core.internal.Bundles - getClasspathEntries(Bundle=com.google.guava.failureaccess_1.0.2 [986])
2024-07-17 13:00:27,335 [Worker-5: Launching MVC-Food-App (1)] INFO  o.eclipse.m2e.core.internal.Bundles - 	Entry: C:\Users\AtluriMukesh\.p2\pool\plugins\com.google.guava.failureaccess_1.0.2.jar
2024-07-17 13:00:27,336 [Worker-5: Launching MVC-Food-App (1)] INFO  o.e.m.i.launch.MavenLaunchDelegate - Run build in "D:\servlet2\springboot\MVC-Food-App\MVC-Food-App":
2024-07-17 13:00:27,336 [Worker-5: Launching MVC-Food-App (1)] INFO  o.e.m.i.launch.MavenLaunchDelegate -  mvn  -B -Dstyle.color=always 
