2023-12-26 12:59:25,542 [Worker-3: Loading available Gradle versions] INFO  o.e.b.c.i.u.g.PublishedGradleVersions - Gradle version information cache is up-to-date. Trying to read.
2024-01-01 11:40:13,165 [Worker-3: Loading available Gradle versions] INFO  o.e.b.c.i.u.g.PublishedGradleVersions - Gradle version information cache is out-of-date. Trying to update.
2024-01-01 11:40:41,695 [Worker-8: Build] INFO  o.e.m.c.i.e.AbstractTransferListenerAdapter - Downloaded http://repo.spring.io/libs-snapshot-local/io/spring/sample/function-sample-azure/1.0.0.BUILD-SNAPSHOT/maven-metadata.xml
2024-01-01 11:40:41,700 [Worker-8: Build] WARN  o.e.m.c.i.embedder.EclipseLogger - Could not transfer metadata io.spring.sample:function-sample-azure:1.0.0.BUILD-SNAPSHOT/maven-metadata.xml from/to spring-snapshots (http://repo.spring.io/libs-snapshot-local): status code: 405, reason phrase: Not Allowed (405)
2024-01-01 11:40:41,731 [Worker-8: Build] WARN  o.e.m.c.i.embedder.EclipseLogger - io.spring.sample:function-sample-azure:1.0.0.BUILD-SNAPSHOT/maven-metadata.xml failed to transfer from http://repo.spring.io/libs-snapshot-local during a previous attempt. This failure was cached in the local repository and resolution will not be reattempted until the update interval of spring-snapshots has elapsed or updates are forced. Original error: Could not transfer metadata io.spring.sample:function-sample-azure:1.0.0.BUILD-SNAPSHOT/maven-metadata.xml from/to spring-snapshots (http://repo.spring.io/libs-snapshot-local): status code: 405, reason phrase: Not Allowed (405)
2024-01-01 11:40:42,098 [Worker-8: Build] INFO  o.e.m.c.i.e.AbstractTransferListenerAdapter - Downloaded http://repo.spring.io/libs-snapshot-local/org/springframework/cloud/spring-cloud-function-dependencies/1.0.0.BUILD-SNAPSHOT/maven-metadata.xml
2024-01-01 11:40:42,100 [Worker-8: Build] WARN  o.e.m.c.i.embedder.EclipseLogger - Could not transfer metadata org.springframework.cloud:spring-cloud-function-dependencies:1.0.0.BUILD-SNAPSHOT/maven-metadata.xml from/to spring-snapshots (http://repo.spring.io/libs-snapshot-local): status code: 405, reason phrase: Not Allowed (405)
2024-01-01 11:40:42,615 [Worker-8: Build] INFO  o.e.m.c.i.e.AbstractTransferListenerAdapter - Downloaded http://repo.spring.io/libs-snapshot-local/org/springframework/cloud/spring-cloud-function-adapter-azure/1.0.0.BUILD-SNAPSHOT/maven-metadata.xml
2024-01-01 11:40:42,617 [Worker-8: Build] WARN  o.e.m.c.i.embedder.EclipseLogger - Could not transfer metadata org.springframework.cloud:spring-cloud-function-adapter-azure:1.0.0.BUILD-SNAPSHOT/maven-metadata.xml from/to spring-snapshots (http://repo.spring.io/libs-snapshot-local): status code: 405, reason phrase: Not Allowed (405)
2024-01-01 11:40:42,641 [Worker-8: Build] WARN  o.e.m.c.i.embedder.EclipseLogger - org.springframework.cloud:spring-cloud-function-adapter-azure:1.0.0.BUILD-SNAPSHOT/maven-metadata.xml failed to transfer from http://repo.spring.io/libs-snapshot-local during a previous attempt. This failure was cached in the local repository and resolution will not be reattempted until the update interval of spring-snapshots has elapsed or updates are forced. Original error: Could not transfer metadata org.springframework.cloud:spring-cloud-function-adapter-azure:1.0.0.BUILD-SNAPSHOT/maven-metadata.xml from/to spring-snapshots (http://repo.spring.io/libs-snapshot-local): status code: 405, reason phrase: Not Allowed (405)
2024-01-01 11:40:43,030 [Worker-8: Build] INFO  o.e.m.c.i.e.AbstractTransferListenerAdapter - Downloaded http://repo.spring.io/libs-snapshot-local/org/springframework/cloud/spring-cloud-function-context/1.0.0.BUILD-SNAPSHOT/maven-metadata.xml
2024-01-01 11:40:43,031 [Worker-8: Build] WARN  o.e.m.c.i.embedder.EclipseLogger - Could not transfer metadata org.springframework.cloud:spring-cloud-function-context:1.0.0.BUILD-SNAPSHOT/maven-metadata.xml from/to spring-snapshots (http://repo.spring.io/libs-snapshot-local): status code: 405, reason phrase: Not Allowed (405)
2024-01-01 11:40:43,044 [Worker-8: Build] WARN  o.e.m.c.i.embedder.EclipseLogger - org.springframework.cloud:spring-cloud-function-context:1.0.0.BUILD-SNAPSHOT/maven-metadata.xml failed to transfer from http://repo.spring.io/libs-snapshot-local during a previous attempt. This failure was cached in the local repository and resolution will not be reattempted until the update interval of spring-snapshots has elapsed or updates are forced. Original error: Could not transfer metadata org.springframework.cloud:spring-cloud-function-context:1.0.0.BUILD-SNAPSHOT/maven-metadata.xml from/to spring-snapshots (http://repo.spring.io/libs-snapshot-local): status code: 405, reason phrase: Not Allowed (405)
2024-01-01 11:40:43,431 [Worker-8: Build] INFO  o.e.m.c.i.e.AbstractTransferListenerAdapter - Downloaded http://repo.spring.io/libs-snapshot-local/org/springframework/cloud/spring-cloud-function-core/1.0.0.BUILD-SNAPSHOT/maven-metadata.xml
2024-01-01 11:40:43,432 [Worker-8: Build] WARN  o.e.m.c.i.embedder.EclipseLogger - Could not transfer metadata org.springframework.cloud:spring-cloud-function-core:1.0.0.BUILD-SNAPSHOT/maven-metadata.xml from/to spring-snapshots (http://repo.spring.io/libs-snapshot-local): status code: 405, reason phrase: Not Allowed (405)
2024-01-01 11:40:43,455 [Worker-8: Build] WARN  o.e.m.c.i.embedder.EclipseLogger - org.springframework.cloud:spring-cloud-function-core:1.0.0.BUILD-SNAPSHOT/maven-metadata.xml failed to transfer from http://repo.spring.io/libs-snapshot-local during a previous attempt. This failure was cached in the local repository and resolution will not be reattempted until the update interval of spring-snapshots has elapsed or updates are forced. Original error: Could not transfer metadata org.springframework.cloud:spring-cloud-function-core:1.0.0.BUILD-SNAPSHOT/maven-metadata.xml from/to spring-snapshots (http://repo.spring.io/libs-snapshot-local): status code: 405, reason phrase: Not Allowed (405)
2024-01-01 11:40:43,840 [DefaultMetadataResolver-0-1] INFO  o.e.m.c.i.e.AbstractTransferListenerAdapter - Downloaded http://repo.spring.io/libs-milestone-local/com/microsoft/azure/azure-functions-java-core/maven-metadata.xml
2024-01-01 11:40:44,250 [DefaultMetadataResolver-0-0] INFO  o.e.m.c.i.e.AbstractTransferListenerAdapter - Downloaded http://repo.spring.io/libs-snapshot-local/com/microsoft/azure/azure-functions-java-core/maven-metadata.xml
2024-01-01 11:40:44,251 [DefaultMetadataResolver-0-2] INFO  o.e.m.c.i.e.AbstractTransferListenerAdapter - Downloaded http://repo.spring.io/libs-release-local/com/microsoft/azure/azure-functions-java-core/maven-metadata.xml
2024-01-01 11:40:44,253 [DefaultMetadataResolver-0-3] INFO  o.e.m.c.i.e.AbstractTransferListenerAdapter - Downloading https://repo.maven.apache.org/maven2/com/microsoft/azure/azure-functions-java-core/maven-metadata.xml
2024-01-01 11:40:44,265 [DefaultMetadataResolver-0-3] INFO  o.e.m.c.i.e.AbstractTransferListenerAdapter - Downloaded https://repo.maven.apache.org/maven2/com/microsoft/azure/azure-functions-java-core/maven-metadata.xml
2024-01-01 11:40:44,346 [Worker-8: Build] WARN  o.e.m.c.i.embedder.EclipseLogger - Could not transfer metadata com.microsoft.azure:azure-functions-java-core/maven-metadata.xml from/to spring-snapshots (http://repo.spring.io/libs-snapshot-local): status code: 405, reason phrase: Not Allowed (405)
2024-01-01 11:40:44,347 [Worker-8: Build] WARN  o.e.m.c.i.embedder.EclipseLogger - Could not transfer metadata com.microsoft.azure:azure-functions-java-core/maven-metadata.xml from/to spring-milestones (http://repo.spring.io/libs-milestone-local): status code: 405, reason phrase: Not Allowed (405)
2024-01-01 11:40:44,348 [Worker-8: Build] WARN  o.e.m.c.i.embedder.EclipseLogger - Could not transfer metadata com.microsoft.azure:azure-functions-java-core/maven-metadata.xml from/to spring-releases (http://repo.spring.io/libs-release-local): status code: 405, reason phrase: Not Allowed (405)
2024-01-01 11:40:46,574 [Worker-8: Build] INFO  o.e.m.c.i.embedder.EclipseLogger - Using 'UTF-8' encoding to copy filtered resources.
2024-01-01 11:40:46,578 [Worker-8: Build] INFO  o.e.m.c.i.embedder.EclipseLogger - Copying 1 resource
2024-01-01 11:40:46,599 [Worker-8: Build] INFO  o.e.m.c.i.embedder.EclipseLogger - Copying 0 resource
2024-01-01 11:40:46,606 [Worker-8: Build] INFO  o.e.m.c.i.embedder.EclipseLogger - Using 'UTF-8' encoding to copy filtered resources.
2024-01-01 11:40:46,606 [Worker-8: Build] INFO  o.e.m.c.i.embedder.EclipseLogger - Copying 0 resource
2024-01-01 11:40:50,171 [Worker-8: Build] INFO  o.e.m.c.i.embedder.EclipseLogger - Using 'UTF-8' encoding to copy filtered resources.
2024-01-01 11:40:50,171 [Worker-8: Build] INFO  o.e.m.c.i.embedder.EclipseLogger - Copying 1 resource
2024-01-01 11:40:50,179 [Worker-8: Build] INFO  o.e.m.c.i.embedder.EclipseLogger - Copying 0 resource
2024-01-01 11:40:50,182 [Worker-8: Build] INFO  o.e.m.c.i.embedder.EclipseLogger - Using 'UTF-8' encoding to copy filtered resources.
2024-01-01 11:40:50,182 [Worker-8: Build] INFO  o.e.m.c.i.embedder.EclipseLogger - skip non existing resourceDirectory D:\servlet2\food-delivery-app-master\platform\hystrix-dashboard\src\test\resources
2024-01-01 11:40:55,342 [Worker-8: Build] INFO  o.e.m.c.i.embedder.EclipseLogger - Using 'UTF-8' encoding to copy filtered resources.
2024-01-01 11:40:55,343 [Worker-8: Build] INFO  o.e.m.c.i.embedder.EclipseLogger - Copying 1 resource
2024-01-01 11:40:55,357 [Worker-8: Build] INFO  o.e.m.c.i.embedder.EclipseLogger - Copying 0 resource
2024-01-01 11:40:55,362 [Worker-8: Build] INFO  o.e.m.c.i.embedder.EclipseLogger - Using 'UTF-8' encoding to copy filtered resources.
2024-01-01 11:40:55,363 [Worker-8: Build] INFO  o.e.m.c.i.embedder.EclipseLogger - Copying 0 resource
2024-01-01 11:40:59,816 [Worker-8: Build] INFO  o.e.m.c.i.e.AbstractTransferListenerAdapter - Downloading https://repo.spring.io/snapshot/io/spring/sample/function-sample-azure/1.0.0.BUILD-SNAPSHOT/maven-metadata.xml
2024-01-01 11:40:59,830 [Worker-8: Build] INFO  o.e.m.c.i.e.AbstractTransferListenerAdapter - Downloaded https://repo.spring.io/snapshot/io/spring/sample/function-sample-azure/1.0.0.BUILD-SNAPSHOT/maven-metadata.xml
2024-01-01 11:41:00,226 [Worker-8: Build] INFO  o.e.m.c.i.e.AbstractTransferListenerAdapter - Downloading https://repo.spring.io/snapshot/org/springframework/cloud/spring-cloud-function-dependencies/1.0.0.BUILD-SNAPSHOT/maven-metadata.xml
2024-01-01 11:41:00,238 [Worker-8: Build] INFO  o.e.m.c.i.e.AbstractTransferListenerAdapter - Downloaded https://repo.spring.io/snapshot/org/springframework/cloud/spring-cloud-function-dependencies/1.0.0.BUILD-SNAPSHOT/maven-metadata.xml
2024-01-01 11:41:00,638 [Worker-8: Build] INFO  o.e.m.c.i.e.AbstractTransferListenerAdapter - Downloading https://repo.spring.io/snapshot/org/springframework/cloud/spring-cloud-function-adapter-azure/1.0.0.BUILD-SNAPSHOT/maven-metadata.xml
2024-01-01 11:41:00,646 [Worker-8: Build] INFO  o.e.m.c.i.e.AbstractTransferListenerAdapter - Downloaded https://repo.spring.io/snapshot/org/springframework/cloud/spring-cloud-function-adapter-azure/1.0.0.BUILD-SNAPSHOT/maven-metadata.xml
2024-01-01 11:41:01,004 [Worker-8: Build] INFO  o.e.m.c.i.e.AbstractTransferListenerAdapter - Downloading https://repo.spring.io/snapshot/org/springframework/cloud/spring-cloud-function-context/1.0.0.BUILD-SNAPSHOT/maven-metadata.xml
2024-01-01 11:41:01,016 [Worker-8: Build] INFO  o.e.m.c.i.e.AbstractTransferListenerAdapter - Downloaded https://repo.spring.io/snapshot/org/springframework/cloud/spring-cloud-function-context/1.0.0.BUILD-SNAPSHOT/maven-metadata.xml
2024-01-01 11:41:01,657 [Worker-8: Build] INFO  o.e.m.c.i.e.AbstractTransferListenerAdapter - Downloading https://repo.spring.io/snapshot/org/springframework/cloud/spring-cloud-function-core/1.0.0.BUILD-SNAPSHOT/maven-metadata.xml
2024-01-01 11:41:01,661 [Worker-8: Build] INFO  o.e.m.c.i.e.AbstractTransferListenerAdapter - Downloaded https://repo.spring.io/snapshot/org/springframework/cloud/spring-cloud-function-core/1.0.0.BUILD-SNAPSHOT/maven-metadata.xml
2024-01-01 11:41:01,746 [Worker-8: Build] WARN  o.e.m.c.i.embedder.EclipseLogger - com.microsoft.azure:azure-functions-java-core/maven-metadata.xml failed to transfer from http://repo.spring.io/libs-release-local during a previous attempt. This failure was cached in the local repository and resolution will not be reattempted until the update interval of spring-releases has elapsed or updates are forced. Original error: Could not transfer metadata com.microsoft.azure:azure-functions-java-core/maven-metadata.xml from/to spring-releases (http://repo.spring.io/libs-release-local): status code: 405, reason phrase: Not Allowed (405)
2024-01-01 11:41:01,751 [Worker-8: Build] WARN  o.e.m.c.i.embedder.EclipseLogger - com.microsoft.azure:azure-functions-java-core/maven-metadata.xml failed to transfer from http://repo.spring.io/libs-release-local during a previous attempt. This failure was cached in the local repository and resolution will not be reattempted until the update interval of spring-releases has elapsed or updates are forced. Original error: Could not transfer metadata com.microsoft.azure:azure-functions-java-core/maven-metadata.xml from/to spring-releases (http://repo.spring.io/libs-release-local): status code: 405, reason phrase: Not Allowed (405)
2024-01-01 11:41:02,071 [DefaultMetadataResolver-1-1] INFO  o.e.m.c.i.e.AbstractTransferListenerAdapter - Downloaded https://repo.spring.io/milestone/com/microsoft/azure/azure-functions-java-core/maven-metadata.xml
2024-01-01 11:41:02,784 [DefaultMetadataResolver-1-0] INFO  o.e.m.c.i.e.AbstractTransferListenerAdapter - Downloaded https://repo.spring.io/snapshot/com/microsoft/azure/azure-functions-java-core/maven-metadata.xml
2024-01-01 11:41:02,844 [Worker-8: Build] INFO  o.e.m.c.i.p.WorkspaceClassifierResolverManager - Resolving P/eureka: demo:eureka:1.0.0-SNAPSHOT with classifier  to /eureka/target/classes
2024-01-01 11:41:02,887 [Worker-8: Build] INFO  o.e.m.c.i.embedder.EclipseLogger - Using 'UTF-8' encoding to copy filtered resources.
2024-01-01 11:41:02,887 [Worker-8: Build] INFO  o.e.m.c.i.embedder.EclipseLogger - Copying 1 resource
2024-01-01 11:41:02,895 [Worker-8: Build] INFO  o.e.m.c.i.embedder.EclipseLogger - Copying 0 resource
2024-01-01 11:41:02,897 [Worker-8: Build] INFO  o.e.m.c.i.embedder.EclipseLogger - Using 'UTF-8' encoding to copy filtered resources.
2024-01-01 11:41:02,898 [Worker-8: Build] INFO  o.e.m.c.i.embedder.EclipseLogger - Copying 0 resource
2024-01-01 11:41:05,250 [Worker-8: Build] INFO  o.e.m.c.i.embedder.EclipseLogger - Using 'UTF-8' encoding to copy filtered resources.
2024-01-01 11:41:05,250 [Worker-8: Build] INFO  o.e.m.c.i.embedder.EclipseLogger - Copying 1 resource
2024-01-01 11:41:05,260 [Worker-8: Build] INFO  o.e.m.c.i.embedder.EclipseLogger - Copying 0 resource
2024-01-01 11:41:05,263 [Worker-8: Build] INFO  o.e.m.c.i.embedder.EclipseLogger - Using 'UTF-8' encoding to copy filtered resources.
2024-01-01 11:41:05,263 [Worker-8: Build] INFO  o.e.m.c.i.embedder.EclipseLogger - Copying 0 resource
2024-01-01 11:41:06,463 [Worker-8: Build] INFO  o.e.m.c.i.p.WorkspaceClassifierResolverManager - Resolving P/payment-distribution: demo:payment-distribution:1.0.0-SNAPSHOT with classifier  to /payment-distribution/target/classes
2024-01-01 11:41:06,472 [Worker-8: Build] INFO  o.e.m.c.i.embedder.EclipseLogger - Using 'UTF-8' encoding to copy filtered resources.
2024-01-01 11:41:06,473 [Worker-8: Build] INFO  o.e.m.c.i.embedder.EclipseLogger - Copying 1 resource
2024-01-01 11:41:06,481 [Worker-8: Build] INFO  o.e.m.c.i.embedder.EclipseLogger - Copying 0 resource
2024-01-01 11:41:06,483 [Worker-8: Build] INFO  o.e.m.c.i.embedder.EclipseLogger - Using 'UTF-8' encoding to copy filtered resources.
2024-01-01 11:41:06,483 [Worker-8: Build] INFO  o.e.m.c.i.embedder.EclipseLogger - Copying 0 resource
2024-01-01 11:41:11,142 [Worker-8: Build] INFO  o.a.m.s.f.DefaultMavenResourcesFiltering - Copying 1 resource from src\main\resources to target\classes
2024-01-01 11:41:11,161 [Worker-8: Build] INFO  o.a.m.s.f.DefaultMavenResourcesFiltering - Copying 0 resource from src\main\resources to target\classes
2024-01-01 11:41:11,165 [Worker-8: Build] INFO  o.a.m.s.f.DefaultMavenResourcesFiltering - skip non existing resourceDirectory D:\servlet2\spring\restapidemo\restapidemo\src\test\resources
2024-01-01 11:41:12,915 [Worker-8: Build] INFO  o.e.m.c.i.embedder.EclipseLogger - Using 'UTF-8' encoding to copy filtered resources.
2024-01-01 11:41:12,916 [Worker-8: Build] INFO  o.e.m.c.i.embedder.EclipseLogger - Copying 1 resource
2024-01-01 11:41:13,016 [Worker-8: Build] INFO  o.e.m.c.i.embedder.EclipseLogger - Copying 0 resource
2024-01-01 11:41:13,019 [Worker-8: Build] INFO  o.e.m.c.i.embedder.EclipseLogger - Using 'UTF-8' encoding to copy filtered resources.
2024-01-01 11:41:13,020 [Worker-8: Build] INFO  o.e.m.c.i.embedder.EclipseLogger - Copying 0 resource
2024-01-01 11:41:22,799 [Worker-1: Building] INFO  o.a.m.s.f.DefaultMavenResourcesFiltering - Copying 1 resource from src\main\resources to target\classes
2024-01-01 11:41:22,807 [Worker-1: Building] INFO  o.a.m.s.f.DefaultMavenResourcesFiltering - Copying 0 resource from src\main\resources to target\classes
2024-01-01 11:41:22,812 [Worker-1: Building] INFO  o.a.m.s.f.DefaultMavenResourcesFiltering - skip non existing resourceDirectory D:\servlet2\spring\restapidemo\restapidemo\src\test\resources
2024-01-01 11:43:05,187 [Worker-8: Building] INFO  o.a.m.s.f.DefaultMavenResourcesFiltering - Copying 1 resource from src\main\resources to target\classes
2024-01-01 11:43:05,192 [Worker-8: Building] INFO  o.a.m.s.f.DefaultMavenResourcesFiltering - Copying 0 resource from src\main\resources to target\classes
2024-01-01 11:43:05,196 [Worker-8: Building] INFO  o.a.m.s.f.DefaultMavenResourcesFiltering - skip non existing resourceDirectory D:\servlet2\spring\restapidemo\restapidemo\src\test\resources
2024-01-01 11:43:48,052 [Worker-10: Building] INFO  o.a.m.s.f.DefaultMavenResourcesFiltering - Copying 1 resource from src\main\resources to target\classes
2024-01-01 11:43:48,057 [Worker-10: Building] INFO  o.a.m.s.f.DefaultMavenResourcesFiltering - Copying 0 resource from src\main\resources to target\classes
2024-01-01 11:43:48,060 [Worker-10: Building] INFO  o.a.m.s.f.DefaultMavenResourcesFiltering - skip non existing resourceDirectory D:\servlet2\spring\restapidemo\restapidemo\src\test\resources
2024-01-01 11:43:58,384 [Worker-9: Building] INFO  o.a.m.s.f.DefaultMavenResourcesFiltering - Copying 1 resource from src\main\resources to target\classes
2024-01-01 11:43:58,388 [Worker-9: Building] INFO  o.a.m.s.f.DefaultMavenResourcesFiltering - Copying 0 resource from src\main\resources to target\classes
2024-01-01 11:43:58,391 [Worker-9: Building] INFO  o.a.m.s.f.DefaultMavenResourcesFiltering - skip non existing resourceDirectory D:\servlet2\spring\restapidemo\restapidemo\src\test\resources
2024-01-01 11:44:59,002 [Worker-7: Building] INFO  o.a.m.s.f.DefaultMavenResourcesFiltering - Copying 1 resource from src\main\resources to target\classes
2024-01-01 11:44:59,007 [Worker-7: Building] INFO  o.a.m.s.f.DefaultMavenResourcesFiltering - Copying 0 resource from src\main\resources to target\classes
2024-01-01 11:44:59,010 [Worker-7: Building] INFO  o.a.m.s.f.DefaultMavenResourcesFiltering - skip non existing resourceDirectory D:\servlet2\spring\restapidemo\restapidemo\src\test\resources
2024-01-01 11:45:20,708 [Worker-10: Building] INFO  o.a.m.s.f.DefaultMavenResourcesFiltering - Copying 1 resource from src\main\resources to target\classes
2024-01-01 11:45:20,713 [Worker-10: Building] INFO  o.a.m.s.f.DefaultMavenResourcesFiltering - Copying 0 resource from src\main\resources to target\classes
2024-01-01 11:45:20,716 [Worker-10: Building] INFO  o.a.m.s.f.DefaultMavenResourcesFiltering - skip non existing resourceDirectory D:\servlet2\spring\restapidemo\restapidemo\src\test\resources
2024-01-01 11:46:18,983 [Worker-7: Building] INFO  o.a.m.s.f.DefaultMavenResourcesFiltering - Copying 1 resource from src\main\resources to target\classes
2024-01-01 11:46:18,988 [Worker-7: Building] INFO  o.a.m.s.f.DefaultMavenResourcesFiltering - Copying 0 resource from src\main\resources to target\classes
2024-01-01 11:46:18,991 [Worker-7: Building] INFO  o.a.m.s.f.DefaultMavenResourcesFiltering - skip non existing resourceDirectory D:\servlet2\spring\restapidemo\restapidemo\src\test\resources
2024-01-01 11:47:17,725 [Worker-5: Building] INFO  o.a.m.s.f.DefaultMavenResourcesFiltering - Copying 1 resource from src\main\resources to target\classes
2024-01-01 11:47:17,771 [Worker-5: Building] INFO  o.a.m.s.f.DefaultMavenResourcesFiltering - Copying 0 resource from src\main\resources to target\classes
2024-01-01 11:47:17,814 [Worker-5: Building] INFO  o.a.m.s.f.DefaultMavenResourcesFiltering - skip non existing resourceDirectory D:\servlet2\spring\restapidemo\restapidemo\src\test\resources
2024-03-07 13:42:08,692 [Worker-3: Loading available Gradle versions] INFO  o.e.b.c.i.u.g.PublishedGradleVersions - Gradle version information cache is up-to-date. Trying to read.
2024-03-07 13:42:40,779 [Worker-9: Build] INFO  o.e.m.c.i.e.AbstractTransferListenerAdapter - Downloaded http://repo.spring.io/libs-snapshot-local/io/spring/sample/function-sample-azure/1.0.0.BUILD-SNAPSHOT/maven-metadata.xml
2024-03-07 13:42:40,790 [Worker-9: Build] WARN  o.e.m.c.i.embedder.EclipseLogger - Could not transfer metadata io.spring.sample:function-sample-azure:1.0.0.BUILD-SNAPSHOT/maven-metadata.xml from/to spring-snapshots (http://repo.spring.io/libs-snapshot-local): status code: 405, reason phrase: Not Allowed (405)
2024-03-07 13:42:40,821 [Worker-9: Build] WARN  o.e.m.c.i.embedder.EclipseLogger - io.spring.sample:function-sample-azure:1.0.0.BUILD-SNAPSHOT/maven-metadata.xml failed to transfer from http://repo.spring.io/libs-snapshot-local during a previous attempt. This failure was cached in the local repository and resolution will not be reattempted until the update interval of spring-snapshots has elapsed or updates are forced. Original error: Could not transfer metadata io.spring.sample:function-sample-azure:1.0.0.BUILD-SNAPSHOT/maven-metadata.xml from/to spring-snapshots (http://repo.spring.io/libs-snapshot-local): status code: 405, reason phrase: Not Allowed (405)
2024-03-07 13:42:41,397 [Worker-9: Build] INFO  o.e.m.c.i.e.AbstractTransferListenerAdapter - Downloaded http://repo.spring.io/libs-snapshot-local/org/springframework/cloud/spring-cloud-function-dependencies/1.0.0.BUILD-SNAPSHOT/maven-metadata.xml
2024-03-07 13:42:41,401 [Worker-9: Build] WARN  o.e.m.c.i.embedder.EclipseLogger - Could not transfer metadata org.springframework.cloud:spring-cloud-function-dependencies:1.0.0.BUILD-SNAPSHOT/maven-metadata.xml from/to spring-snapshots (http://repo.spring.io/libs-snapshot-local): status code: 405, reason phrase: Not Allowed (405)
2024-03-07 13:42:42,143 [Worker-9: Build] INFO  o.e.m.c.i.e.AbstractTransferListenerAdapter - Downloaded http://repo.spring.io/libs-snapshot-local/org/springframework/cloud/spring-cloud-function-adapter-azure/1.0.0.BUILD-SNAPSHOT/maven-metadata.xml
2024-03-07 13:42:42,147 [Worker-9: Build] WARN  o.e.m.c.i.embedder.EclipseLogger - Could not transfer metadata org.springframework.cloud:spring-cloud-function-adapter-azure:1.0.0.BUILD-SNAPSHOT/maven-metadata.xml from/to spring-snapshots (http://repo.spring.io/libs-snapshot-local): status code: 405, reason phrase: Not Allowed (405)
2024-03-07 13:42:42,174 [Worker-9: Build] WARN  o.e.m.c.i.embedder.EclipseLogger - org.springframework.cloud:spring-cloud-function-adapter-azure:1.0.0.BUILD-SNAPSHOT/maven-metadata.xml failed to transfer from http://repo.spring.io/libs-snapshot-local during a previous attempt. This failure was cached in the local repository and resolution will not be reattempted until the update interval of spring-snapshots has elapsed or updates are forced. Original error: Could not transfer metadata org.springframework.cloud:spring-cloud-function-adapter-azure:1.0.0.BUILD-SNAPSHOT/maven-metadata.xml from/to spring-snapshots (http://repo.spring.io/libs-snapshot-local): status code: 405, reason phrase: Not Allowed (405)
2024-03-07 13:42:42,705 [Worker-9: Build] INFO  o.e.m.c.i.e.AbstractTransferListenerAdapter - Downloaded http://repo.spring.io/libs-snapshot-local/org/springframework/cloud/spring-cloud-function-context/1.0.0.BUILD-SNAPSHOT/maven-metadata.xml
2024-03-07 13:42:42,708 [Worker-9: Build] WARN  o.e.m.c.i.embedder.EclipseLogger - Could not transfer metadata org.springframework.cloud:spring-cloud-function-context:1.0.0.BUILD-SNAPSHOT/maven-metadata.xml from/to spring-snapshots (http://repo.spring.io/libs-snapshot-local): status code: 405, reason phrase: Not Allowed (405)
2024-03-07 13:42:42,736 [Worker-9: Build] WARN  o.e.m.c.i.embedder.EclipseLogger - org.springframework.cloud:spring-cloud-function-context:1.0.0.BUILD-SNAPSHOT/maven-metadata.xml failed to transfer from http://repo.spring.io/libs-snapshot-local during a previous attempt. This failure was cached in the local repository and resolution will not be reattempted until the update interval of spring-snapshots has elapsed or updates are forced. Original error: Could not transfer metadata org.springframework.cloud:spring-cloud-function-context:1.0.0.BUILD-SNAPSHOT/maven-metadata.xml from/to spring-snapshots (http://repo.spring.io/libs-snapshot-local): status code: 405, reason phrase: Not Allowed (405)
2024-03-07 13:42:43,242 [Worker-9: Build] INFO  o.e.m.c.i.e.AbstractTransferListenerAdapter - Downloaded http://repo.spring.io/libs-snapshot-local/org/springframework/cloud/spring-cloud-function-core/1.0.0.BUILD-SNAPSHOT/maven-metadata.xml
2024-03-07 13:42:43,246 [Worker-9: Build] WARN  o.e.m.c.i.embedder.EclipseLogger - Could not transfer metadata org.springframework.cloud:spring-cloud-function-core:1.0.0.BUILD-SNAPSHOT/maven-metadata.xml from/to spring-snapshots (http://repo.spring.io/libs-snapshot-local): status code: 405, reason phrase: Not Allowed (405)
2024-03-07 13:42:43,272 [Worker-9: Build] WARN  o.e.m.c.i.embedder.EclipseLogger - org.springframework.cloud:spring-cloud-function-core:1.0.0.BUILD-SNAPSHOT/maven-metadata.xml failed to transfer from http://repo.spring.io/libs-snapshot-local during a previous attempt. This failure was cached in the local repository and resolution will not be reattempted until the update interval of spring-snapshots has elapsed or updates are forced. Original error: Could not transfer metadata org.springframework.cloud:spring-cloud-function-core:1.0.0.BUILD-SNAPSHOT/maven-metadata.xml from/to spring-snapshots (http://repo.spring.io/libs-snapshot-local): status code: 405, reason phrase: Not Allowed (405)
2024-03-07 13:42:43,819 [DefaultMetadataResolver-0-3] INFO  o.e.m.c.i.e.AbstractTransferListenerAdapter - Downloading https://repo.maven.apache.org/maven2/com/microsoft/azure/azure-functions-java-core/maven-metadata.xml
2024-03-07 13:42:43,832 [DefaultMetadataResolver-0-3] INFO  o.e.m.c.i.e.AbstractTransferListenerAdapter - Downloaded https://repo.maven.apache.org/maven2/com/microsoft/azure/azure-functions-java-core/maven-metadata.xml
2024-03-07 13:42:43,875 [DefaultMetadataResolver-0-1] INFO  o.e.m.c.i.e.AbstractTransferListenerAdapter - Downloaded http://repo.spring.io/libs-milestone-local/com/microsoft/azure/azure-functions-java-core/maven-metadata.xml
2024-03-07 13:42:44,171 [DefaultMetadataResolver-0-2] INFO  o.e.m.c.i.e.AbstractTransferListenerAdapter - Downloaded http://repo.spring.io/libs-release-local/com/microsoft/azure/azure-functions-java-core/maven-metadata.xml
2024-03-07 13:42:44,248 [DefaultMetadataResolver-0-0] INFO  o.e.m.c.i.e.AbstractTransferListenerAdapter - Downloaded http://repo.spring.io/libs-snapshot-local/com/microsoft/azure/azure-functions-java-core/maven-metadata.xml
2024-03-07 13:42:44,305 [Worker-9: Build] WARN  o.e.m.c.i.embedder.EclipseLogger - Could not transfer metadata com.microsoft.azure:azure-functions-java-core/maven-metadata.xml from/to spring-snapshots (http://repo.spring.io/libs-snapshot-local): status code: 405, reason phrase: Not Allowed (405)
2024-03-07 13:42:44,307 [Worker-9: Build] WARN  o.e.m.c.i.embedder.EclipseLogger - Could not transfer metadata com.microsoft.azure:azure-functions-java-core/maven-metadata.xml from/to spring-milestones (http://repo.spring.io/libs-milestone-local): status code: 405, reason phrase: Not Allowed (405)
2024-03-07 13:42:44,308 [Worker-9: Build] WARN  o.e.m.c.i.embedder.EclipseLogger - Could not transfer metadata com.microsoft.azure:azure-functions-java-core/maven-metadata.xml from/to spring-releases (http://repo.spring.io/libs-release-local): status code: 405, reason phrase: Not Allowed (405)
2024-03-07 13:42:46,059 [Worker-9: Build] INFO  o.e.m.c.i.embedder.EclipseLogger - Using 'UTF-8' encoding to copy filtered resources.
2024-03-07 13:42:46,062 [Worker-9: Build] INFO  o.e.m.c.i.embedder.EclipseLogger - Copying 1 resource
2024-03-07 13:42:46,076 [Worker-9: Build] INFO  o.e.m.c.i.embedder.EclipseLogger - Copying 0 resource
2024-03-07 13:42:46,081 [Worker-9: Build] INFO  o.e.m.c.i.embedder.EclipseLogger - Using 'UTF-8' encoding to copy filtered resources.
2024-03-07 13:42:46,082 [Worker-9: Build] INFO  o.e.m.c.i.embedder.EclipseLogger - Copying 0 resource
2024-03-07 13:42:49,887 [Worker-9: Build] INFO  o.e.m.c.i.embedder.EclipseLogger - Using 'UTF-8' encoding to copy filtered resources.
2024-03-07 13:42:49,887 [Worker-9: Build] INFO  o.e.m.c.i.embedder.EclipseLogger - Copying 1 resource
2024-03-07 13:42:49,896 [Worker-9: Build] INFO  o.e.m.c.i.embedder.EclipseLogger - Copying 0 resource
2024-03-07 13:42:49,899 [Worker-9: Build] INFO  o.e.m.c.i.embedder.EclipseLogger - Using 'UTF-8' encoding to copy filtered resources.
2024-03-07 13:42:49,899 [Worker-9: Build] INFO  o.e.m.c.i.embedder.EclipseLogger - skip non existing resourceDirectory D:\servlet2\food-delivery-app-master\platform\hystrix-dashboard\src\test\resources
2024-03-07 13:42:55,062 [Worker-9: Build] INFO  o.e.m.c.i.embedder.EclipseLogger - Using 'UTF-8' encoding to copy filtered resources.
2024-03-07 13:42:55,062 [Worker-9: Build] INFO  o.e.m.c.i.embedder.EclipseLogger - Copying 1 resource
2024-03-07 13:42:55,077 [Worker-9: Build] INFO  o.e.m.c.i.embedder.EclipseLogger - Copying 0 resource
2024-03-07 13:42:55,082 [Worker-9: Build] INFO  o.e.m.c.i.embedder.EclipseLogger - Using 'UTF-8' encoding to copy filtered resources.
2024-03-07 13:42:55,082 [Worker-9: Build] INFO  o.e.m.c.i.embedder.EclipseLogger - Copying 0 resource
2024-03-07 13:43:00,000 [Worker-9: Build] INFO  o.e.m.c.i.e.AbstractTransferListenerAdapter - Downloading https://repo.spring.io/snapshot/io/spring/sample/function-sample-azure/1.0.0.BUILD-SNAPSHOT/maven-metadata.xml
2024-03-07 13:43:00,014 [Worker-9: Build] INFO  o.e.m.c.i.e.AbstractTransferListenerAdapter - Downloaded https://repo.spring.io/snapshot/io/spring/sample/function-sample-azure/1.0.0.BUILD-SNAPSHOT/maven-metadata.xml
2024-03-07 13:43:00,604 [Worker-9: Build] INFO  o.e.m.c.i.e.AbstractTransferListenerAdapter - Downloading https://repo.spring.io/snapshot/org/springframework/cloud/spring-cloud-function-dependencies/1.0.0.BUILD-SNAPSHOT/maven-metadata.xml
2024-03-07 13:43:00,618 [Worker-9: Build] INFO  o.e.m.c.i.e.AbstractTransferListenerAdapter - Downloaded https://repo.spring.io/snapshot/org/springframework/cloud/spring-cloud-function-dependencies/1.0.0.BUILD-SNAPSHOT/maven-metadata.xml
2024-03-07 13:43:01,186 [Worker-9: Build] INFO  o.e.m.c.i.e.AbstractTransferListenerAdapter - Downloading https://repo.spring.io/snapshot/org/springframework/cloud/spring-cloud-function-adapter-azure/1.0.0.BUILD-SNAPSHOT/maven-metadata.xml
2024-03-07 13:43:01,198 [Worker-9: Build] INFO  o.e.m.c.i.e.AbstractTransferListenerAdapter - Downloaded https://repo.spring.io/snapshot/org/springframework/cloud/spring-cloud-function-adapter-azure/1.0.0.BUILD-SNAPSHOT/maven-metadata.xml
2024-03-07 13:43:01,690 [Worker-9: Build] INFO  o.e.m.c.i.e.AbstractTransferListenerAdapter - Downloading https://repo.spring.io/snapshot/org/springframework/cloud/spring-cloud-function-context/1.0.0.BUILD-SNAPSHOT/maven-metadata.xml
2024-03-07 13:43:01,702 [Worker-9: Build] INFO  o.e.m.c.i.e.AbstractTransferListenerAdapter - Downloaded https://repo.spring.io/snapshot/org/springframework/cloud/spring-cloud-function-context/1.0.0.BUILD-SNAPSHOT/maven-metadata.xml
2024-03-07 13:43:02,674 [Worker-9: Build] INFO  o.e.m.c.i.e.AbstractTransferListenerAdapter - Downloading https://repo.spring.io/snapshot/org/springframework/cloud/spring-cloud-function-core/1.0.0.BUILD-SNAPSHOT/maven-metadata.xml
2024-03-07 13:43:02,686 [Worker-9: Build] INFO  o.e.m.c.i.e.AbstractTransferListenerAdapter - Downloaded https://repo.spring.io/snapshot/org/springframework/cloud/spring-cloud-function-core/1.0.0.BUILD-SNAPSHOT/maven-metadata.xml
2024-03-07 13:43:02,741 [Worker-9: Build] WARN  o.e.m.c.i.embedder.EclipseLogger - com.microsoft.azure:azure-functions-java-core/maven-metadata.xml failed to transfer from http://repo.spring.io/libs-release-local during a previous attempt. This failure was cached in the local repository and resolution will not be reattempted until the update interval of spring-releases has elapsed or updates are forced. Original error: Could not transfer metadata com.microsoft.azure:azure-functions-java-core/maven-metadata.xml from/to spring-releases (http://repo.spring.io/libs-release-local): status code: 405, reason phrase: Not Allowed (405)
2024-03-07 13:43:02,747 [Worker-9: Build] WARN  o.e.m.c.i.embedder.EclipseLogger - com.microsoft.azure:azure-functions-java-core/maven-metadata.xml failed to transfer from http://repo.spring.io/libs-release-local during a previous attempt. This failure was cached in the local repository and resolution will not be reattempted until the update interval of spring-releases has elapsed or updates are forced. Original error: Could not transfer metadata com.microsoft.azure:azure-functions-java-core/maven-metadata.xml from/to spring-releases (http://repo.spring.io/libs-release-local): status code: 405, reason phrase: Not Allowed (405)
2024-03-07 13:43:03,089 [DefaultMetadataResolver-1-0] INFO  o.e.m.c.i.e.AbstractTransferListenerAdapter - Downloaded https://repo.spring.io/snapshot/com/microsoft/azure/azure-functions-java-core/maven-metadata.xml
2024-03-07 13:43:04,181 [DefaultMetadataResolver-1-1] INFO  o.e.m.c.i.e.AbstractTransferListenerAdapter - Downloaded https://repo.spring.io/milestone/com/microsoft/azure/azure-functions-java-core/maven-metadata.xml
2024-03-07 13:43:04,327 [Worker-9: Build] INFO  o.e.m.c.i.p.WorkspaceClassifierResolverManager - Resolving P/eureka: demo:eureka:1.0.0-SNAPSHOT with classifier  to /eureka/target/classes
2024-03-07 13:43:04,369 [Worker-9: Build] INFO  o.e.m.c.i.embedder.EclipseLogger - Using 'UTF-8' encoding to copy filtered resources.
2024-03-07 13:43:04,369 [Worker-9: Build] INFO  o.e.m.c.i.embedder.EclipseLogger - Copying 1 resource
2024-03-07 13:43:04,377 [Worker-9: Build] INFO  o.e.m.c.i.embedder.EclipseLogger - Copying 0 resource
2024-03-07 13:43:04,377 [Worker-9: Build] INFO  o.e.m.c.i.embedder.EclipseLogger - Using 'UTF-8' encoding to copy filtered resources.
2024-03-07 13:43:04,377 [Worker-9: Build] INFO  o.e.m.c.i.embedder.EclipseLogger - Copying 0 resource
2024-03-07 13:43:06,782 [Worker-9: Build] INFO  o.e.m.c.i.embedder.EclipseLogger - Using 'UTF-8' encoding to copy filtered resources.
2024-03-07 13:43:06,782 [Worker-9: Build] INFO  o.e.m.c.i.embedder.EclipseLogger - Copying 1 resource
2024-03-07 13:43:06,792 [Worker-9: Build] INFO  o.e.m.c.i.embedder.EclipseLogger - Copying 0 resource
2024-03-07 13:43:06,795 [Worker-9: Build] INFO  o.e.m.c.i.embedder.EclipseLogger - Using 'UTF-8' encoding to copy filtered resources.
2024-03-07 13:43:06,795 [Worker-9: Build] INFO  o.e.m.c.i.embedder.EclipseLogger - Copying 0 resource
2024-03-07 13:43:07,940 [Worker-9: Build] INFO  o.e.m.c.i.p.WorkspaceClassifierResolverManager - Resolving P/payment-distribution: demo:payment-distribution:1.0.0-SNAPSHOT with classifier  to /payment-distribution/target/classes
2024-03-07 13:43:07,949 [Worker-9: Build] INFO  o.e.m.c.i.embedder.EclipseLogger - Using 'UTF-8' encoding to copy filtered resources.
2024-03-07 13:43:07,950 [Worker-9: Build] INFO  o.e.m.c.i.embedder.EclipseLogger - Copying 1 resource
2024-03-07 13:43:07,957 [Worker-9: Build] INFO  o.e.m.c.i.embedder.EclipseLogger - Copying 0 resource
2024-03-07 13:43:07,959 [Worker-9: Build] INFO  o.e.m.c.i.embedder.EclipseLogger - Using 'UTF-8' encoding to copy filtered resources.
2024-03-07 13:43:07,959 [Worker-9: Build] INFO  o.e.m.c.i.embedder.EclipseLogger - Copying 0 resource
2024-03-07 13:43:12,606 [Worker-9: Build] INFO  o.a.m.s.f.DefaultMavenResourcesFiltering - Copying 1 resource from src\main\resources to target\classes
2024-03-07 13:43:12,626 [Worker-9: Build] INFO  o.a.m.s.f.DefaultMavenResourcesFiltering - Copying 0 resource from src\main\resources to target\classes
2024-03-07 13:43:12,631 [Worker-9: Build] INFO  o.a.m.s.f.DefaultMavenResourcesFiltering - skip non existing resourceDirectory D:\servlet2\spring\restapidemo\restapidemo\src\test\resources
2024-03-07 13:43:14,053 [Worker-9: Build] INFO  o.e.m.c.i.embedder.EclipseLogger - Using 'UTF-8' encoding to copy filtered resources.
2024-03-07 13:43:14,054 [Worker-9: Build] INFO  o.e.m.c.i.embedder.EclipseLogger - Copying 1 resource
2024-03-07 13:43:14,059 [Worker-9: Build] INFO  o.e.m.c.i.embedder.EclipseLogger - Copying 0 resource
2024-03-07 13:43:14,062 [Worker-9: Build] INFO  o.e.m.c.i.embedder.EclipseLogger - Using 'UTF-8' encoding to copy filtered resources.
2024-03-07 13:43:14,063 [Worker-9: Build] INFO  o.e.m.c.i.embedder.EclipseLogger - Copying 0 resource
2024-04-03 10:29:12,699 [Worker-3: Loading available Gradle versions] INFO  o.e.b.c.i.u.g.PublishedGradleVersions - Gradle version information cache is out-of-date. Trying to update.
2024-04-03 10:29:14,157 [Worker-3: Loading available Gradle versions] INFO  o.e.b.c.i.u.g.PublishedGradleVersions - Updating Gradle version information cache failed. Using outdated cache.
2024-04-03 10:29:39,262 [Worker-10: Build] INFO  o.e.m.c.i.e.AbstractTransferListenerAdapter - Downloaded http://repo.spring.io/libs-snapshot-local/io/spring/sample/function-sample-azure/1.0.0.BUILD-SNAPSHOT/maven-metadata.xml
2024-04-03 10:29:39,264 [Worker-10: Build] WARN  o.e.m.c.i.embedder.EclipseLogger - Could not transfer metadata io.spring.sample:function-sample-azure:1.0.0.BUILD-SNAPSHOT/maven-metadata.xml from/to spring-snapshots (http://repo.spring.io/libs-snapshot-local): No such host is known (repo.spring.io)
2024-04-03 10:29:39,275 [Worker-10: Build] WARN  o.e.m.c.i.embedder.EclipseLogger - io.spring.sample:function-sample-azure:1.0.0.BUILD-SNAPSHOT/maven-metadata.xml failed to transfer from http://repo.spring.io/libs-snapshot-local during a previous attempt. This failure was cached in the local repository and resolution will not be reattempted until the update interval of spring-snapshots has elapsed or updates are forced. Original error: Could not transfer metadata io.spring.sample:function-sample-azure:1.0.0.BUILD-SNAPSHOT/maven-metadata.xml from/to spring-snapshots (http://repo.spring.io/libs-snapshot-local): No such host is known (repo.spring.io)
2024-04-03 10:29:39,331 [Worker-10: Build] INFO  o.e.m.c.i.e.AbstractTransferListenerAdapter - Downloaded http://repo.spring.io/libs-snapshot-local/org/springframework/cloud/spring-cloud-function-dependencies/1.0.0.BUILD-SNAPSHOT/maven-metadata.xml
2024-04-03 10:29:39,333 [Worker-10: Build] WARN  o.e.m.c.i.embedder.EclipseLogger - Could not transfer metadata org.springframework.cloud:spring-cloud-function-dependencies:1.0.0.BUILD-SNAPSHOT/maven-metadata.xml from/to spring-snapshots (http://repo.spring.io/libs-snapshot-local): repo.spring.io
2024-04-03 10:29:39,476 [Worker-10: Build] INFO  o.e.m.c.i.e.AbstractTransferListenerAdapter - Downloaded http://repo.spring.io/libs-snapshot-local/org/springframework/cloud/spring-cloud-function-adapter-azure/1.0.0.BUILD-SNAPSHOT/maven-metadata.xml
2024-04-03 10:29:39,477 [Worker-10: Build] WARN  o.e.m.c.i.embedder.EclipseLogger - Could not transfer metadata org.springframework.cloud:spring-cloud-function-adapter-azure:1.0.0.BUILD-SNAPSHOT/maven-metadata.xml from/to spring-snapshots (http://repo.spring.io/libs-snapshot-local): repo.spring.io
2024-04-03 10:29:39,486 [Worker-10: Build] WARN  o.e.m.c.i.embedder.EclipseLogger - org.springframework.cloud:spring-cloud-function-adapter-azure:1.0.0.BUILD-SNAPSHOT/maven-metadata.xml failed to transfer from http://repo.spring.io/libs-snapshot-local during a previous attempt. This failure was cached in the local repository and resolution will not be reattempted until the update interval of spring-snapshots has elapsed or updates are forced. Original error: Could not transfer metadata org.springframework.cloud:spring-cloud-function-adapter-azure:1.0.0.BUILD-SNAPSHOT/maven-metadata.xml from/to spring-snapshots (http://repo.spring.io/libs-snapshot-local): repo.spring.io
2024-04-03 10:29:39,514 [Worker-10: Build] INFO  o.e.m.c.i.e.AbstractTransferListenerAdapter - Downloaded http://repo.spring.io/libs-snapshot-local/org/springframework/cloud/spring-cloud-function-context/1.0.0.BUILD-SNAPSHOT/maven-metadata.xml
2024-04-03 10:29:39,515 [Worker-10: Build] WARN  o.e.m.c.i.embedder.EclipseLogger - Could not transfer metadata org.springframework.cloud:spring-cloud-function-context:1.0.0.BUILD-SNAPSHOT/maven-metadata.xml from/to spring-snapshots (http://repo.spring.io/libs-snapshot-local): repo.spring.io
2024-04-03 10:29:39,525 [Worker-10: Build] WARN  o.e.m.c.i.embedder.EclipseLogger - org.springframework.cloud:spring-cloud-function-context:1.0.0.BUILD-SNAPSHOT/maven-metadata.xml failed to transfer from http://repo.spring.io/libs-snapshot-local during a previous attempt. This failure was cached in the local repository and resolution will not be reattempted until the update interval of spring-snapshots has elapsed or updates are forced. Original error: Could not transfer metadata org.springframework.cloud:spring-cloud-function-context:1.0.0.BUILD-SNAPSHOT/maven-metadata.xml from/to spring-snapshots (http://repo.spring.io/libs-snapshot-local): repo.spring.io
2024-04-03 10:29:39,551 [Worker-10: Build] INFO  o.e.m.c.i.e.AbstractTransferListenerAdapter - Downloaded http://repo.spring.io/libs-snapshot-local/org/springframework/cloud/spring-cloud-function-core/1.0.0.BUILD-SNAPSHOT/maven-metadata.xml
2024-04-03 10:29:39,552 [Worker-10: Build] WARN  o.e.m.c.i.embedder.EclipseLogger - Could not transfer metadata org.springframework.cloud:spring-cloud-function-core:1.0.0.BUILD-SNAPSHOT/maven-metadata.xml from/to spring-snapshots (http://repo.spring.io/libs-snapshot-local): repo.spring.io
2024-04-03 10:29:39,560 [Worker-10: Build] WARN  o.e.m.c.i.embedder.EclipseLogger - org.springframework.cloud:spring-cloud-function-core:1.0.0.BUILD-SNAPSHOT/maven-metadata.xml failed to transfer from http://repo.spring.io/libs-snapshot-local during a previous attempt. This failure was cached in the local repository and resolution will not be reattempted until the update interval of spring-snapshots has elapsed or updates are forced. Original error: Could not transfer metadata org.springframework.cloud:spring-cloud-function-core:1.0.0.BUILD-SNAPSHOT/maven-metadata.xml from/to spring-snapshots (http://repo.spring.io/libs-snapshot-local): repo.spring.io
2024-04-03 10:29:39,628 [DefaultMetadataResolver-0-1] INFO  o.e.m.c.i.e.AbstractTransferListenerAdapter - Downloaded http://repo.spring.io/libs-milestone-local/com/microsoft/azure/azure-functions-java-core/maven-metadata.xml
2024-04-03 10:29:39,628 [DefaultMetadataResolver-0-2] INFO  o.e.m.c.i.e.AbstractTransferListenerAdapter - Downloaded http://repo.spring.io/libs-release-local/com/microsoft/azure/azure-functions-java-core/maven-metadata.xml
2024-04-03 10:29:39,629 [DefaultMetadataResolver-0-0] INFO  o.e.m.c.i.e.AbstractTransferListenerAdapter - Downloaded http://repo.spring.io/libs-snapshot-local/com/microsoft/azure/azure-functions-java-core/maven-metadata.xml
2024-04-03 10:29:39,629 [DefaultMetadataResolver-0-3] INFO  o.e.m.c.i.e.AbstractTransferListenerAdapter - Downloaded https://repo.maven.apache.org/maven2/com/microsoft/azure/azure-functions-java-core/maven-metadata.xml
2024-04-03 10:29:39,648 [Worker-10: Build] WARN  o.e.m.c.i.embedder.EclipseLogger - Could not transfer metadata com.microsoft.azure:azure-functions-java-core/maven-metadata.xml from/to spring-snapshots (http://repo.spring.io/libs-snapshot-local): repo.spring.io
2024-04-03 10:29:39,649 [Worker-10: Build] WARN  o.e.m.c.i.embedder.EclipseLogger - Could not transfer metadata com.microsoft.azure:azure-functions-java-core/maven-metadata.xml from/to spring-milestones (http://repo.spring.io/libs-milestone-local): repo.spring.io
2024-04-03 10:29:39,649 [Worker-10: Build] WARN  o.e.m.c.i.embedder.EclipseLogger - Could not transfer metadata com.microsoft.azure:azure-functions-java-core/maven-metadata.xml from/to spring-releases (http://repo.spring.io/libs-release-local): repo.spring.io
2024-04-03 10:29:39,650 [Worker-10: Build] WARN  o.e.m.c.i.embedder.EclipseLogger - Could not transfer metadata com.microsoft.azure:azure-functions-java-core/maven-metadata.xml from/to central (https://repo.maven.apache.org/maven2): No such host is known (repo.maven.apache.org)
2024-04-03 10:29:41,422 [Worker-10: Build] INFO  o.e.m.c.i.embedder.EclipseLogger - Using 'UTF-8' encoding to copy filtered resources.
2024-04-03 10:29:41,426 [Worker-10: Build] INFO  o.e.m.c.i.embedder.EclipseLogger - Copying 1 resource
2024-04-03 10:29:41,440 [Worker-10: Build] INFO  o.e.m.c.i.embedder.EclipseLogger - Copying 0 resource
2024-04-03 10:29:41,445 [Worker-10: Build] INFO  o.e.m.c.i.embedder.EclipseLogger - Using 'UTF-8' encoding to copy filtered resources.
2024-04-03 10:29:41,445 [Worker-10: Build] INFO  o.e.m.c.i.embedder.EclipseLogger - Copying 0 resource
2024-04-03 10:29:44,945 [Worker-10: Build] INFO  o.e.m.c.i.embedder.EclipseLogger - Using 'UTF-8' encoding to copy filtered resources.
2024-04-03 10:29:44,946 [Worker-10: Build] INFO  o.e.m.c.i.embedder.EclipseLogger - Copying 1 resource
2024-04-03 10:29:44,954 [Worker-10: Build] INFO  o.e.m.c.i.embedder.EclipseLogger - Copying 0 resource
2024-04-03 10:29:44,958 [Worker-10: Build] INFO  o.e.m.c.i.embedder.EclipseLogger - Using 'UTF-8' encoding to copy filtered resources.
2024-04-03 10:29:44,958 [Worker-10: Build] INFO  o.e.m.c.i.embedder.EclipseLogger - skip non existing resourceDirectory D:\servlet2\food-delivery-app-master\platform\hystrix-dashboard\src\test\resources
2024-04-03 10:29:50,283 [Worker-10: Build] INFO  o.e.m.c.i.embedder.EclipseLogger - Using 'UTF-8' encoding to copy filtered resources.
2024-04-03 10:29:50,284 [Worker-10: Build] INFO  o.e.m.c.i.embedder.EclipseLogger - Copying 1 resource
2024-04-03 10:29:50,300 [Worker-10: Build] INFO  o.e.m.c.i.embedder.EclipseLogger - Copying 0 resource
2024-04-03 10:29:50,304 [Worker-10: Build] INFO  o.e.m.c.i.embedder.EclipseLogger - Using 'UTF-8' encoding to copy filtered resources.
2024-04-03 10:29:50,305 [Worker-10: Build] INFO  o.e.m.c.i.embedder.EclipseLogger - Copying 0 resource
2024-04-03 10:29:55,022 [Worker-10: Build] INFO  o.e.m.c.i.e.AbstractTransferListenerAdapter - Downloaded https://repo.spring.io/snapshot/io/spring/sample/function-sample-azure/1.0.0.BUILD-SNAPSHOT/maven-metadata.xml
2024-04-03 10:29:55,025 [Worker-10: Build] WARN  o.e.m.c.i.embedder.EclipseLogger - Could not transfer metadata io.spring.sample:function-sample-azure:1.0.0.BUILD-SNAPSHOT/maven-metadata.xml from/to spring-snapshots (https://repo.spring.io/snapshot): No such host is known (repo.spring.io)
2024-04-03 10:29:55,044 [Worker-10: Build] WARN  o.e.m.c.i.embedder.EclipseLogger - io.spring.sample:function-sample-azure:1.0.0.BUILD-SNAPSHOT/maven-metadata.xml failed to transfer from https://repo.spring.io/snapshot during a previous attempt. This failure was cached in the local repository and resolution will not be reattempted until the update interval of spring-snapshots has elapsed or updates are forced. Original error: Could not transfer metadata io.spring.sample:function-sample-azure:1.0.0.BUILD-SNAPSHOT/maven-metadata.xml from/to spring-snapshots (https://repo.spring.io/snapshot): No such host is known (repo.spring.io)
2024-04-03 10:29:55,057 [Worker-10: Build] INFO  o.e.m.c.i.e.AbstractTransferListenerAdapter - Downloaded https://repo.spring.io/snapshot/org/springframework/cloud/spring-cloud-function-dependencies/1.0.0.BUILD-SNAPSHOT/maven-metadata.xml
2024-04-03 10:29:55,058 [Worker-10: Build] WARN  o.e.m.c.i.embedder.EclipseLogger - Could not transfer metadata org.springframework.cloud:spring-cloud-function-dependencies:1.0.0.BUILD-SNAPSHOT/maven-metadata.xml from/to spring-snapshots (https://repo.spring.io/snapshot): repo.spring.io
2024-04-03 10:29:55,083 [Worker-10: Build] INFO  o.e.m.c.i.e.AbstractTransferListenerAdapter - Downloaded https://repo.spring.io/snapshot/org/springframework/cloud/spring-cloud-function-adapter-azure/1.0.0.BUILD-SNAPSHOT/maven-metadata.xml
2024-04-03 10:29:55,085 [Worker-10: Build] WARN  o.e.m.c.i.embedder.EclipseLogger - Could not transfer metadata org.springframework.cloud:spring-cloud-function-adapter-azure:1.0.0.BUILD-SNAPSHOT/maven-metadata.xml from/to spring-snapshots (https://repo.spring.io/snapshot): repo.spring.io
2024-04-03 10:29:55,107 [Worker-10: Build] WARN  o.e.m.c.i.embedder.EclipseLogger - org.springframework.cloud:spring-cloud-function-adapter-azure:1.0.0.BUILD-SNAPSHOT/maven-metadata.xml failed to transfer from https://repo.spring.io/snapshot during a previous attempt. This failure was cached in the local repository and resolution will not be reattempted until the update interval of spring-snapshots has elapsed or updates are forced. Original error: Could not transfer metadata org.springframework.cloud:spring-cloud-function-adapter-azure:1.0.0.BUILD-SNAPSHOT/maven-metadata.xml from/to spring-snapshots (https://repo.spring.io/snapshot): repo.spring.io
2024-04-03 10:29:55,114 [Worker-10: Build] INFO  o.e.m.c.i.e.AbstractTransferListenerAdapter - Downloaded https://repo.spring.io/snapshot/org/springframework/cloud/spring-cloud-function-context/1.0.0.BUILD-SNAPSHOT/maven-metadata.xml
2024-04-03 10:29:55,116 [Worker-10: Build] WARN  o.e.m.c.i.embedder.EclipseLogger - Could not transfer metadata org.springframework.cloud:spring-cloud-function-context:1.0.0.BUILD-SNAPSHOT/maven-metadata.xml from/to spring-snapshots (https://repo.spring.io/snapshot): repo.spring.io
2024-04-03 10:29:55,141 [Worker-10: Build] WARN  o.e.m.c.i.embedder.EclipseLogger - org.springframework.cloud:spring-cloud-function-context:1.0.0.BUILD-SNAPSHOT/maven-metadata.xml failed to transfer from https://repo.spring.io/snapshot during a previous attempt. This failure was cached in the local repository and resolution will not be reattempted until the update interval of spring-snapshots has elapsed or updates are forced. Original error: Could not transfer metadata org.springframework.cloud:spring-cloud-function-context:1.0.0.BUILD-SNAPSHOT/maven-metadata.xml from/to spring-snapshots (https://repo.spring.io/snapshot): repo.spring.io
2024-04-03 10:29:55,150 [Worker-10: Build] INFO  o.e.m.c.i.e.AbstractTransferListenerAdapter - Downloaded https://repo.spring.io/snapshot/org/springframework/cloud/spring-cloud-function-core/1.0.0.BUILD-SNAPSHOT/maven-metadata.xml
2024-04-03 10:29:55,151 [Worker-10: Build] WARN  o.e.m.c.i.embedder.EclipseLogger - Could not transfer metadata org.springframework.cloud:spring-cloud-function-core:1.0.0.BUILD-SNAPSHOT/maven-metadata.xml from/to spring-snapshots (https://repo.spring.io/snapshot): repo.spring.io
2024-04-03 10:29:55,160 [Worker-10: Build] WARN  o.e.m.c.i.embedder.EclipseLogger - org.springframework.cloud:spring-cloud-function-core:1.0.0.BUILD-SNAPSHOT/maven-metadata.xml failed to transfer from https://repo.spring.io/snapshot during a previous attempt. This failure was cached in the local repository and resolution will not be reattempted until the update interval of spring-snapshots has elapsed or updates are forced. Original error: Could not transfer metadata org.springframework.cloud:spring-cloud-function-core:1.0.0.BUILD-SNAPSHOT/maven-metadata.xml from/to spring-snapshots (https://repo.spring.io/snapshot): repo.spring.io
2024-04-03 10:29:55,186 [Worker-10: Build] WARN  o.e.m.c.i.embedder.EclipseLogger - com.microsoft.azure:azure-functions-java-core/maven-metadata.xml failed to transfer from http://repo.spring.io/libs-release-local during a previous attempt. This failure was cached in the local repository and resolution will not be reattempted until the update interval of spring-releases has elapsed or updates are forced. Original error: Could not transfer metadata com.microsoft.azure:azure-functions-java-core/maven-metadata.xml from/to spring-releases (http://repo.spring.io/libs-release-local): repo.spring.io
2024-04-03 10:29:55,190 [Worker-10: Build] WARN  o.e.m.c.i.embedder.EclipseLogger - com.microsoft.azure:azure-functions-java-core/maven-metadata.xml failed to transfer from http://repo.spring.io/libs-release-local during a previous attempt. This failure was cached in the local repository and resolution will not be reattempted until the update interval of spring-releases has elapsed or updates are forced. Original error: Could not transfer metadata com.microsoft.azure:azure-functions-java-core/maven-metadata.xml from/to spring-releases (http://repo.spring.io/libs-release-local): repo.spring.io
2024-04-03 10:29:55,192 [DefaultMetadataResolver-1-0] INFO  o.e.m.c.i.e.AbstractTransferListenerAdapter - Downloaded https://repo.spring.io/snapshot/com/microsoft/azure/azure-functions-java-core/maven-metadata.xml
2024-04-03 10:29:55,192 [DefaultMetadataResolver-1-1] INFO  o.e.m.c.i.e.AbstractTransferListenerAdapter - Downloaded https://repo.spring.io/milestone/com/microsoft/azure/azure-functions-java-core/maven-metadata.xml
2024-04-03 10:29:55,206 [Worker-10: Build] WARN  o.e.m.c.i.embedder.EclipseLogger - Could not transfer metadata com.microsoft.azure:azure-functions-java-core/maven-metadata.xml from/to spring-snapshots (https://repo.spring.io/snapshot): repo.spring.io
2024-04-03 10:29:55,207 [Worker-10: Build] WARN  o.e.m.c.i.embedder.EclipseLogger - Could not transfer metadata com.microsoft.azure:azure-functions-java-core/maven-metadata.xml from/to spring-milestones (https://repo.spring.io/milestone): repo.spring.io
2024-04-03 10:29:55,250 [Worker-10: Build] INFO  o.e.m.c.i.p.WorkspaceClassifierResolverManager - Resolving P/eureka: demo:eureka:1.0.0-SNAPSHOT with classifier  to /eureka/target/classes
2024-04-03 10:29:55,294 [Worker-10: Build] INFO  o.e.m.c.i.embedder.EclipseLogger - Using 'UTF-8' encoding to copy filtered resources.
2024-04-03 10:29:55,295 [Worker-10: Build] INFO  o.e.m.c.i.embedder.EclipseLogger - Copying 1 resource
2024-04-03 10:29:55,300 [Worker-10: Build] INFO  o.e.m.c.i.embedder.EclipseLogger - Copying 0 resource
2024-04-03 10:29:55,303 [Worker-10: Build] INFO  o.e.m.c.i.embedder.EclipseLogger - Using 'UTF-8' encoding to copy filtered resources.
2024-04-03 10:29:55,304 [Worker-10: Build] INFO  o.e.m.c.i.embedder.EclipseLogger - Copying 0 resource
2024-04-03 10:29:57,936 [Worker-10: Build] INFO  o.e.m.c.i.embedder.EclipseLogger - Using 'UTF-8' encoding to copy filtered resources.
2024-04-03 10:29:57,936 [Worker-10: Build] INFO  o.e.m.c.i.embedder.EclipseLogger - Copying 1 resource
2024-04-03 10:29:57,942 [Worker-10: Build] INFO  o.e.m.c.i.embedder.EclipseLogger - Copying 0 resource
2024-04-03 10:29:57,946 [Worker-10: Build] INFO  o.e.m.c.i.embedder.EclipseLogger - Using 'UTF-8' encoding to copy filtered resources.
2024-04-03 10:29:57,947 [Worker-10: Build] INFO  o.e.m.c.i.embedder.EclipseLogger - Copying 0 resource
2024-04-03 10:29:59,178 [Worker-10: Build] INFO  o.e.m.c.i.p.WorkspaceClassifierResolverManager - Resolving P/payment-distribution: demo:payment-distribution:1.0.0-SNAPSHOT with classifier  to /payment-distribution/target/classes
2024-04-03 10:29:59,195 [Worker-10: Build] INFO  o.e.m.c.i.embedder.EclipseLogger - Using 'UTF-8' encoding to copy filtered resources.
2024-04-03 10:29:59,195 [Worker-10: Build] INFO  o.e.m.c.i.embedder.EclipseLogger - Copying 1 resource
2024-04-03 10:29:59,202 [Worker-10: Build] INFO  o.e.m.c.i.embedder.EclipseLogger - Copying 0 resource
2024-04-03 10:29:59,204 [Worker-10: Build] INFO  o.e.m.c.i.embedder.EclipseLogger - Using 'UTF-8' encoding to copy filtered resources.
2024-04-03 10:29:59,205 [Worker-10: Build] INFO  o.e.m.c.i.embedder.EclipseLogger - Copying 0 resource
2024-04-03 10:30:04,177 [Worker-10: Build] INFO  o.a.m.s.f.DefaultMavenResourcesFiltering - Copying 1 resource from src\main\resources to target\classes
2024-04-03 10:30:04,194 [Worker-10: Build] INFO  o.a.m.s.f.DefaultMavenResourcesFiltering - Copying 0 resource from src\main\resources to target\classes
2024-04-03 10:30:04,199 [Worker-10: Build] INFO  o.a.m.s.f.DefaultMavenResourcesFiltering - skip non existing resourceDirectory D:\servlet2\spring\restapidemo\restapidemo\src\test\resources
2024-04-03 10:30:05,999 [Worker-10: Build] INFO  o.e.m.c.i.embedder.EclipseLogger - Using 'UTF-8' encoding to copy filtered resources.
2024-04-03 10:30:06,000 [Worker-10: Build] INFO  o.e.m.c.i.embedder.EclipseLogger - Copying 1 resource
2024-04-03 10:30:06,009 [Worker-10: Build] INFO  o.e.m.c.i.embedder.EclipseLogger - Copying 0 resource
2024-04-03 10:30:06,012 [Worker-10: Build] INFO  o.e.m.c.i.embedder.EclipseLogger - Using 'UTF-8' encoding to copy filtered resources.
2024-04-03 10:30:06,013 [Worker-10: Build] INFO  o.e.m.c.i.embedder.EclipseLogger - Copying 0 resource
2024-04-03 15:24:23,702 [Worker-85: Building] INFO  o.e.m.c.i.embedder.EclipseLogger - Using 'UTF-8' encoding to copy filtered resources.
2024-04-03 15:24:23,721 [Worker-85: Building] INFO  o.e.m.c.i.embedder.EclipseLogger - Copying 1 resource
2024-04-03 15:24:23,736 [Worker-85: Building] INFO  o.e.m.c.i.embedder.EclipseLogger - Copying 0 resource
2024-05-16 17:26:26,929 [Worker-5: Loading available Gradle versions] INFO  o.e.b.c.i.u.g.PublishedGradleVersions - Gradle version information cache is out-of-date. Trying to update.
2024-05-27 18:26:43,168 [Worker-3: Loading available Gradle versions] INFO  o.e.b.c.i.u.g.PublishedGradleVersions - Gradle version information cache is up-to-date. Trying to read.
2024-07-17 13:01:14,557 [Worker-3: Loading available Gradle versions] INFO  o.e.b.c.i.u.g.PublishedGradleVersions - Gradle version information cache is up-to-date. Trying to read.
2024-07-17 13:01:48,212 [Worker-0: Build] INFO  o.e.m.c.i.embedder.EclipseLogger - Using 'UTF-8' encoding to copy filtered resources.
2024-07-17 13:01:48,219 [Worker-0: Build] INFO  o.e.m.c.i.embedder.EclipseLogger - Copying 1 resource
2024-07-17 13:01:48,236 [Worker-0: Build] INFO  o.e.m.c.i.embedder.EclipseLogger - Copying 0 resource
2024-07-17 13:01:48,242 [Worker-0: Build] INFO  o.e.m.c.i.embedder.EclipseLogger - Using 'UTF-8' encoding to copy filtered resources.
2024-07-17 13:01:48,243 [Worker-0: Build] INFO  o.e.m.c.i.embedder.EclipseLogger - Copying 0 resource
2024-07-17 13:02:26,922 [Worker-3: Building] INFO  o.e.m.c.i.embedder.EclipseLogger - Using 'UTF-8' encoding to copy filtered resources.
2024-07-17 13:02:26,925 [Worker-3: Building] INFO  o.e.m.c.i.embedder.EclipseLogger - Copying 1 resource
2024-07-17 13:02:26,927 [Worker-3: Building] INFO  o.e.m.c.i.embedder.EclipseLogger - Copying 0 resource
2024-07-17 13:02:26,931 [Worker-3: Building] INFO  o.e.m.c.i.embedder.EclipseLogger - Using 'UTF-8' encoding to copy filtered resources.
2024-07-17 13:02:26,931 [Worker-3: Building] INFO  o.e.m.c.i.embedder.EclipseLogger - Copying 0 resource
2024-07-17 13:02:38,108 [Worker-3: Building] INFO  o.e.m.c.i.embedder.EclipseLogger - Using 'UTF-8' encoding to copy filtered resources.
2024-07-17 13:02:38,109 [Worker-3: Building] INFO  o.e.m.c.i.embedder.EclipseLogger - Copying 1 resource
2024-07-17 13:02:38,110 [Worker-3: Building] INFO  o.e.m.c.i.embedder.EclipseLogger - Copying 0 resource
2024-07-17 13:02:38,113 [Worker-3: Building] INFO  o.e.m.c.i.embedder.EclipseLogger - Using 'UTF-8' encoding to copy filtered resources.
2024-07-17 13:02:38,114 [Worker-3: Building] INFO  o.e.m.c.i.embedder.EclipseLogger - Copying 0 resource
2024-07-17 13:03:09,983 [Worker-11: Building] INFO  o.e.m.c.i.p.WorkspaceClassifierResolverManager - Resolving P/payment-distribution: demo:payment-distribution:1.0.0-SNAPSHOT with classifier  to /payment-distribution/target/classes
2024-07-17 13:03:10,001 [Worker-11: Building] INFO  o.e.m.c.i.embedder.EclipseLogger - Using 'UTF-8' encoding to copy filtered resources.
2024-07-17 13:03:10,002 [Worker-11: Building] INFO  o.e.m.c.i.embedder.EclipseLogger - Copying 1 resource
2024-07-17 13:03:10,015 [Worker-11: Building] INFO  o.e.m.c.i.embedder.EclipseLogger - Copying 0 resource
2024-07-17 13:03:10,018 [Worker-11: Building] INFO  o.e.m.c.i.embedder.EclipseLogger - Using 'UTF-8' encoding to copy filtered resources.
2024-07-17 13:03:10,018 [Worker-11: Building] INFO  o.e.m.c.i.embedder.EclipseLogger - Copying 0 resource
2024-07-17 13:03:25,667 [Worker-8: Building] INFO  o.e.m.c.i.embedder.EclipseLogger - Using 'UTF-8' encoding to copy filtered resources.
2024-07-17 13:03:25,667 [Worker-8: Building] INFO  o.e.m.c.i.embedder.EclipseLogger - Copying 1 resource
2024-07-17 13:03:25,668 [Worker-8: Building] INFO  o.e.m.c.i.embedder.EclipseLogger - Copying 0 resource
2024-07-17 13:03:25,676 [Worker-8: Building] INFO  o.e.m.c.i.embedder.EclipseLogger - Using 'UTF-8' encoding to copy filtered resources.
2024-07-17 13:03:25,681 [Worker-8: Building] INFO  o.e.m.c.i.embedder.EclipseLogger - Copying 0 resource
